Checking for deprecated package usage... OK
Checking for remote package usage... OK
Checking for 'LazyData: true' usage... OK
Checking version number... OK
Checking version number validity... OK
Checking R version dependency... OK
Checking package size... OK
Checking individual file sizes... OK
Checking biocViews... OK
Checking that biocViews are present... OK
Checking package type based on biocViews... OK
Checking for non-trivial biocViews... OK
Checking that biocViews come from the same category... OK
Checking biocViews validity... OK
Checking for recommended biocViews... OK
Checking build system compatibility... OK
Checking for proper Description: field... OK
Checking if DESCRIPTION is well formatted... OK
Checking for whitespace in DESCRIPTION field names... OK
Checking that Package field matches directory/tarball name... OK
Checking for Version: field... OK
Checking for valid maintainer... OK
Checking License: for restrictive use... OK
Checking for recommended DESCRIPTION fields... OK
Checking for Bioconductor software dependencies... OK
Checking for pinned package versions in DESCRIPTION... OK
Checking for 'fnd' role in Authors@R...
No 'fnd' role found in Authors@R. If the work is supported
        by a grant, consider adding the 'fnd' role to the list of authors.
Checking NAMESPACE... OK
Checking .Rbuildignore... OK
Checking for stray BiocCheck output folders... OK
Checking for inst/doc folders... OK
Checking vignette directory...
 Vignette(s) found with missing chunk labels
Found in files:
hippocampus-edge-detection.qmd
Checking package installation calls in R code... OK
Checking for library/require of SpatialArtifacts... OK
Checking coding practice...
 Avoid sapply(); use vapply()
Found in files:
R/edge_helper_functions_visium.R (line 218, column 14)
R/edge_helper_functions_visium.R (line 504, column 15)
R/edge_helper_functions_visium.R (line 663, column 15)
 Avoid 1:...; use seq_len() or seq_along()
Found in files:
edge_helper_functions_visium.R (line 86, column 22)
edge_helper_functions_visium.R (line 207, column 13)
edge_helper_functions_visium.R (line 218, column 21)
edge_helper_functions_visium.R (line 278, column 13)
edge_helper_functions_visium.R (line 289, column 36)
edge_helper_functions_visium.R (line 420, column 13)
edge_helper_functions_visium.R (line 511, column 33)
edge_helper_functions_visium.R (line 611, column 13)
edge_helper_functions_visium.R (line 652, column 13)
edge_helper_functions_visium.R (line 674, column 32)
edge_helper_functions_VisiumHD.R (line 49, column 16)
edge_helper_functions_VisiumHD.R (line 298, column 13)
edge_helper_functions_VisiumHD.R (line 366, column 13)
Avoid redundant 'stop' and 'warn*' in signal conditions
Found in files:
R/detectEdgeArtifacts.R (line 39, column 9)
Checking parsed R code in R directory, examples, vignettes... OK
Checking function lengths...
The recommended function length is 50 lines or less. There are 8 functions greater than 50 lines.
The longest 5 functions are:
detectEdgeArtifacts_VisiumHD() (R/detectEdgeDryspots_VisiumHD.R): 313 lines
problemAreas_WithMorphology_terra() (R/edge_helper_functions_VisiumHD.R): 168 lines
detectEdgeArtifacts_Visium() (R/detectEdgeDryspots_visium.R): 127 lines
clumpEdges() (R/edge_helper_functions_visium.R): 127 lines
problemAreas() (R/edge_helper_functions_visium.R): 112 lines
Checking man page documentation...
Usage of dontrun{} / donttest{} tags found in man page examples. 20% of man pages use at least one of these tags.
Found in files:
detectEdgeArtifacts_VisiumHD.Rd
detectEdgeArtifacts.Rd
Use donttest{} instead of dontrun{}.
Found in files:
detectEdgeArtifacts_VisiumHD.Rd
Checking package NEWS...
Consider adding a NEWS file, so your package news will be included in Bioconductor release announcements.
Checking unit tests...
Consider adding unit tests. We strongly encourage them. See
  https://contributions.bioconductor.org/tests.html
Checking skip_on_bioc() in tests... OK
Checking formatting of DESCRIPTION, NAMESPACE, man pages, R source, and vignette source...
Consider shorter lines; 192 lines (7%) are > 80 characters long.
First few lines:
R/classifyEdgeArtifacts.R#L4 #' and size (large vs. small). This func ...
R/classifyEdgeArtifacts.R#L6 #' @param spe A SpatialExperiment object ...
R/classifyEdgeArtifacts.R#L7 #' @param qc_metric Character string spe ...
R/classifyEdgeArtifacts.R#L8 #'   Note: This column must exist, but i ...
R/classifyEdgeArtifacts.R#L9 #' @param samples Character string speci ...
R/classifyEdgeArtifacts.R#L10 #' @param min_spots Minimum number of sp ...
R/classifyEdgeArtifacts.R#L11 #' @param name Character string matching ...
R/classifyEdgeArtifacts.R#L12 #' @param exclude_slides Character vecto ...
R/classifyEdgeArtifacts.R#L15 #' @return A SpatialExperiment object wi ...
R/classifyEdgeArtifacts.R#L17 #'     \item \code{[name]_true_edges}: L ...
R/classifyEdgeArtifacts.R#L18 #'     \item \code{[name]_classification ...
R/classifyEdgeArtifacts.R#L21 #'         \item \code{"large_edge_artif ...
R/classifyEdgeArtifacts.R#L22 #'         \item \code{"small_edge_artif ...
R/classifyEdgeArtifacts.R#L23 #'         \item \code{"large_interior_a ...
R/classifyEdgeArtifacts.R#L24 #'         \item \code{"small_interior_a ...
R/classifyEdgeArtifacts.R#L45 #'       \item Rationale: Higher density ...
R/classifyEdgeArtifacts.R#L64 #'   \item Increase \code{min_spots} for ...
R/classifyEdgeArtifacts.R#L65 #'   \item Decrease \code{min_spots} for ...
R/classifyEdgeArtifacts.R#L81 #'     edge_artifact_problem_id = c("Clu ...
R/classifyEdgeArtifacts.R#L97 #' colData(spe)[, c("edge_artifact_probl ...
R/classifyEdgeArtifacts.R#L114     stop("'spe' must be a SpatialExperim ...
R/classifyEdgeArtifacts.R#L117   required_cols <- c(qc_metric, paste0(n ...
R/classifyEdgeArtifacts.R#L128   colData(spe)[[paste0(name, "_true_edge ...
R/classifyEdgeArtifacts.R#L136     message("Excluding edges from slides ...
R/detectEdgeArtifacts.R#L9 #'     \item For **Visium**: \code{edge_ ...
R/detectEdgeArtifacts.R#L10 #'     \item For **VisiumHD**: \code{res ...
R/detectEdgeArtifacts.R#L14 #' artifact detection columns (\code{_ed ...
R/detectEdgeArtifacts.R#L26 #' # spe_hd <- detectEdgeArtifacts(spe_h ...
R/detectEdgeArtifacts.R#L40         "Usage: detectEdgeArtifacts(spe, ...
R/detectEdgeDryspots_visium.R#L7 #' @param qc_metric Character string spe ...
R/detectEdgeDryspots_visium.R#L8 #' @param samples Character string speci ...
R/detectEdgeDryspots_visium.R#L9 #' @param mad_threshold Numeric value fo ...
R/detectEdgeDryspots_visium.R#L11 #' @param min_cluster_size Minimum clust ...
R/detectEdgeDryspots_visium.R#L12 #' @param shifted Logical indicating whe ...
R/detectEdgeDryspots_visium.R#L13 #' @param batch_var Character specifying ...
R/detectEdgeDryspots_visium.R#L14 #' @param name Character string for nami ...
R/detectEdgeDryspots_visium.R#L15 #' @param verbose Logical indicating whe ...
R/detectEdgeDryspots_visium.R#L16 #' @param keep_intermediate Logical indi ...
R/detectEdgeDryspots_visium.R#L96       outlier_slide_col <- paste0(qc_met ...
R/detectEdgeDryspots_visium.R#L97       colData(spe)[[outlier_slide_col]]  ...
R/detectEdgeDryspots_visium.R#L101     outlier_sample_col <- paste0(qc_metr ...
R/detectEdgeDryspots_visium.R#L102     colData(spe)[[outlier_sample_col]] < ...
R/detectEdgeDryspots_visium.R#L105   outlier_binary_col <- paste0(qc_metric ...
R/detectEdgeDryspots_visium.R#L107     colData(spe)[[outlier_binary_col]] < ...
R/detectEdgeDryspots_visium.R#L109     colData(spe)[[outlier_binary_col]] < ...
R/detectEdgeDryspots_visium.R#L111     colData(spe)[[outlier_binary_col]] < ...
R/detectEdgeDryspots_visium.R#L123     xyz_df <- as.data.frame(tmp_dframe[, ...
R/detectEdgeDryspots_visium.R#L142       if (verbose) message(sprintf("  Sa ...
R/detectEdgeDryspots_visium.R#L151     xyz_df <- as.data.frame(tmp_dframe[, ...
R/detectEdgeDryspots_visium.R#L172     # Match by barcode (spotcode) which  ...
R/detectEdgeDryspots_visium.R#L173     colData(spe)[all_problem_areas$spotc ...
R/detectEdgeDryspots_visium.R#L174     colData(spe)[all_problem_areas$spotc ...
R/detectEdgeDryspots_visium.R#L190       if (verbose) message("Removed inte ...
R/detectEdgeDryspots_visium.R#L196     total_problem_spots <- sum(!is.na(co ...
R/detectEdgeDryspots_visium.R#L198       "Edge artifact detection completed ...
R/detectEdgeDryspots_VisiumHD.R#L22 #'   \item \code{[name]_edge}: Logical,  ...
R/detectEdgeDryspots_VisiumHD.R#L23 #'   \item \code{[name]_problem_id}: Cha ...
R/detectEdgeDryspots_VisiumHD.R#L24 #'   \item \code{[name]_problem_size}: N ...
R/detectEdgeDryspots_VisiumHD.R#L118   min_cluster_area_um2 = 1280, # Physica ...
R/detectEdgeDryspots_VisiumHD.R#L164   if ("sum" %in% colnames(colData(spe))  ...
R/detectEdgeDryspots_VisiumHD.R#L276     in_buffer_zone <- is_left_edge | is_ ...
R/detectEdgeDryspots_VisiumHD.R#L405     message("\n========================= ...
R/detectEdgeDryspots_VisiumHD.R#L413       classification_rate <- 100 * (tota ...
R/edge_helper_functions_visium.R#L6 #' @param x Numeric vector of length 9 r ...
R/edge_helper_functions_visium.R#L37 #' @param x Numeric vector of length 9 r ...
R/edge_helper_functions_visium.R#L42 #' @details Implements a star-shaped foc ...
R/edge_helper_functions_visium.R#L67 #' @param x Numeric vector of length 25  ...
R/edge_helper_functions_visium.R#L86   sum.edges <- sum(x[1:5]) + sum(x[21:25 ...
R/edge_helper_functions_visium.R#L99 #' @param raster_object A terra SpatRast ...
R/edge_helper_functions_visium.R#L105 #' @return A processed SpatRaster object ...
R/edge_helper_functions_visium.R#L112 #'     \item Small cluster removal: Remo ...
R/edge_helper_functions_visium.R#L136   r2 <- terra::focal(raster_object, w =  ...
R/edge_helper_functions_visium.R#L139   r3 <- terra::focal(r2, w = matrix(1, 5 ...
R/edge_helper_functions_visium.R#L180 #' @return Character vector of spot iden ...
R/edge_helper_functions_visium.R#L182 #' @details This function creates a mapp ...
R/edge_helper_functions_visium.R#L216   rast <- matrix(rast_values, nrow = ras ...
R/edge_helper_functions_visium.R#L287   rast <- matrix(rast_values, nrow = ras ...
R/edge_helper_functions_visium.R#L361 #'     \item Returns spots from clusters ...
R/edge_helper_functions_visium.R#L389 clumpEdges <- function(.xyz, offTissue,  ...
R/edge_helper_functions_visium.R#L433   rast <- matrix(rast_values, nrow = ras ...
R/edge_helper_functions_visium.R#L440   clumps <- matrix(clump_values, nrow =  ...
R/edge_helper_functions_visium.R#L561 #' spot_data$outlier[spot_data$array_row ...
R/edge_helper_functions_visium.R#L576 problemAreas <- function(.xyz, offTissue ...
R/edge_helper_functions_visium.R#L637   clumps <- matrix(terra::values(c1), nr ...
R/edge_helper_functions_VisiumHD.R#L5 #' @param x Numeric vector of length 9 r ...
R/edge_helper_functions_VisiumHD.R#L6 #' @return Integer: 1 if center should b ...
R/edge_helper_functions_VisiumHD.R#L34 #' @param x Numeric vector of length 25  ...
R/edge_helper_functions_VisiumHD.R#L35 #' @return Integer: 1 if center should b ...
R/edge_helper_functions_VisiumHD.R#L64 #' @return Integer: 1 if center should b ...
R/edge_helper_functions_VisiumHD.R#L90 #' @param r A \code{\link[terra]{SpatRas ...
R/globals.R#L4 utils::globalVariables(c("min_cluster_ar ...
vignettes/hippocampus-edge-detection.qmd#L47 `SpatialArtifacts` is an R package that  ...
vignettes/hippocampus-edge-detection.qmd#L49 In the following, we provide an overview ...
vignettes/hippocampus-edge-detection.qmd#L51 More details describing the method are a ...
vignettes/hippocampus-edge-detection.qmd#L55 The following code will install the late ...
vignettes/hippocampus-edge-detection.qmd#L62 The latest development version can also  ...
vignettes/hippocampus-edge-detection.qmd#L67 In the examples below, we assume the inp ...
vignettes/hippocampus-edge-detection.qmd#L71 `SpatialArtifacts` is designed to work a ...
vignettes/hippocampus-edge-detection.qmd#L79 The morphological detection framework au ...
vignettes/hippocampus-edge-detection.qmd#L86 The core philosophy is a two-step proces ...
vignettes/hippocampus-edge-detection.qmd#L90 In the first step, we use the `detectEdg ...
vignettes/hippocampus-edge-detection.qmd#L94 - **Outlier identification**: Find spots ...
vignettes/hippocampus-edge-detection.qmd#L95 - **Morphological cleaning**: Apply sequ ...
vignettes/hippocampus-edge-detection.qmd#L97   2. **5×5 outline** (`my_outline`): Fil ...
vignettes/hippocampus-edge-detection.qmd#L98   3. **Star pattern** (`my_fill_star`):  ...
vignettes/hippocampus-edge-detection.qmd#L99   4. **Small cluster removal**: Remove i ...
vignettes/hippocampus-edge-detection.qmd#L101 - **Cluster detection**: Group these out ...
vignettes/hippocampus-edge-detection.qmd#L102 - **Edge identification**: Evaluate whet ...
vignettes/hippocampus-edge-detection.qmd#L104 The output from this phase will add thre ...
vignettes/hippocampus-edge-detection.qmd#L109 In the second step, we use the `classify ...
vignettes/hippocampus-edge-detection.qmd#L114 - **Hierarchical Classification**: Apply ...
vignettes/hippocampus-edge-detection.qmd#L115   1. **Location**: Is the artifact an `_ ...
vignettes/hippocampus-edge-detection.qmd#L116   2. **Size**: Is the artifact's `_probl ...
vignettes/hippocampus-edge-detection.qmd#L119   - `"large_edge_artifact"` — Large arti ...
vignettes/hippocampus-edge-detection.qmd#L120   - `"small_edge_artifact"` — Small arti ...
vignettes/hippocampus-edge-detection.qmd#L121   - `"large_interior_artifact"` — Large  ...
vignettes/hippocampus-edge-detection.qmd#L122   - `"small_interior_artifact"` — Small  ...
vignettes/hippocampus-edge-detection.qmd#L124 The output from this phase will add one  ...
vignettes/hippocampus-edge-detection.qmd#L129 Tuning the parameters lets you adapt the ...
vignettes/hippocampus-edge-detection.qmd#L133 **CRITICAL FIRST STEP:** Specify your pl ...
vignettes/hippocampus-edge-detection.qmd#L137 | **Standard Visium** | `detectEdgeArtif ...
vignettes/hippocampus-edge-detection.qmd#L138 | **VisiumHD** | `detectEdgeArtifacts(sp ...
vignettes/hippocampus-edge-detection.qmd#L157 The wrapper function accepts platform-sp ...
vignettes/hippocampus-edge-detection.qmd#L161 - `platform` (**REQUIRED**) – Character  ...
vignettes/hippocampus-edge-detection.qmd#L165 - `qc_metric` (Default: `"sum_gene"`) –  ...
vignettes/hippocampus-edge-detection.qmd#L181 - `keep_intermediate` (Default: `FALSE`) ...
vignettes/hippocampus-edge-detection.qmd#L188 - `edge_threshold` (Default: 0.75) – Min ...
vignettes/hippocampus-edge-detection.qmd#L190   **Important Behavior:** The threshold  ...
vignettes/hippocampus-edge-detection.qmd#L199   **Rationale:** Edge drying artifacts t ...
vignettes/hippocampus-edge-detection.qmd#L202   - Higher values (0.75–0.90): More cons ...
vignettes/hippocampus-edge-detection.qmd#L203   - Lower values (0.40–0.60): More sensi ...
vignettes/hippocampus-edge-detection.qmd#L204   - Very low values (<0.30): Aggressive, ...
vignettes/hippocampus-edge-detection.qmd#L206 - `min_cluster_size` (Default: 40) – Min ...
vignettes/hippocampus-edge-detection.qmd#L207   - Isolated "normal" regions smaller th ...
vignettes/hippocampus-edge-detection.qmd#L210 - `shifted` (Default: `FALSE`) – Apply c ...
vignettes/hippocampus-edge-detection.qmd#L211   - **Standard Visium typically requires ...
vignettes/hippocampus-edge-detection.qmd#L212   - Set to `FALSE` if using pre-transfor ...
vignettes/hippocampus-edge-detection.qmd#L218   - `"both"`: Spots flagged as outliers  ...
vignettes/hippocampus-edge-detection.qmd#L231 - `buffer_width_um` (Default: 80) – Buff ...
vignettes/hippocampus-edge-detection.qmd#L240 - `min_cluster_area_um2` (Default: 1280) ...
vignettes/hippocampus-edge-detection.qmd#L241   - Clusters smaller than this will be f ...
vignettes/hippocampus-edge-detection.qmd#L245   - **Physical consistency:** Same area  ...
vignettes/hippocampus-edge-detection.qmd#L248 - `col_x` and `col_y` (Default: `"array_ ...
vignettes/hippocampus-edge-detection.qmd#L253 **Key Difference from Visium**: VisiumHD ...
vignettes/hippocampus-edge-detection.qmd#L258 The classification step is **platform-in ...
vignettes/hippocampus-edge-detection.qmd#L260 - `min_spots` (Default: 20) – **CRITICAL ...
vignettes/hippocampus-edge-detection.qmd#L264   This parameter must be adjusted based  ...
vignettes/hippocampus-edge-detection.qmd#L281   **Why scaling matters:** The same phys ...
vignettes/hippocampus-edge-detection.qmd#L286   Without scaling, large VisiumHD artifa ...
vignettes/hippocampus-edge-detection.qmd#L288 - `qc_metric` (Default: `"sum_umi"`) – Q ...
vignettes/hippocampus-edge-detection.qmd#L292 - `exclude_slides` (Default: `NULL`) – V ...
vignettes/hippocampus-edge-detection.qmd#L295 - `name` (Default: `"edge_artifact"`) –  ...
vignettes/hippocampus-edge-detection.qmd#L304 | **Resolution Parameter** | Not applica ...
vignettes/hippocampus-edge-detection.qmd#L305 | **Edge Detection Method** | Morphologi ...
vignettes/hippocampus-edge-detection.qmd#L308 | **Typical Dataset Size** | ~5,000 spot ...
vignettes/hippocampus-edge-detection.qmd#L315 - **`*_edge`** – Raw detection: Is the s ...
vignettes/hippocampus-edge-detection.qmd#L317 - **`*_problem_size`** – Raw detection:  ...
vignettes/hippocampus-edge-detection.qmd#L318 - `*_true_edges` — **Intermediate:** Edg ...
vignettes/hippocampus-edge-detection.qmd#L319 - `*_classification` — **Final classific ...
vignettes/hippocampus-edge-detection.qmd#L324 This package includes `spe_vignette`, a  ...
vignettes/hippocampus-edge-detection.qmd#L326 **This vignette will load this raw-like  ...
vignettes/hippocampus-edge-detection.qmd#L328 **Note:** To meet package size requireme ...
vignettes/hippocampus-edge-detection.qmd#L332 The underlying spatial clustering functi ...
vignettes/hippocampus-edge-detection.qmd#L368 For VisiumHD data, the workflow is ident ...
vignettes/hippocampus-edge-detection.qmd#L392 # Step 3: Classification Phase - CRITICA ...
vignettes/hippocampus-edge-detection.qmd#L448 | **Standard Visium** | `detectEdgeArtif ...
vignettes/hippocampus-edge-detection.qmd#L449 | **VisiumHD 16µm** | `detectEdgeArtifac ...
vignettes/hippocampus-edge-detection.qmd#L450 | **VisiumHD 8µm** | `detectEdgeArtifact ...
vignettes/hippocampus-edge-detection.qmd#L467 We'll create a comprehensive visualizati ...
vignettes/hippocampus-edge-detection.qmd#L564   plot_data_in_tissue$artifact_type[plot ...
vignettes/hippocampus-edge-detection.qmd#L673 nonflagged_gene <- median(qc_data$detect ...
vignettes/hippocampus-edge-detection.qmd#L684 qc_data$flag_status <- ifelse(qc_data$fl ...
vignettes/hippocampus-edge-detection.qmd#L686 validation_plot <- ggplot(qc_data, aes(x ...
vignettes/hippocampus-edge-detection.qmd#L688   scale_fill_manual(values = c("Flagged  ...
vignettes/hippocampus-edge-detection.qmd#L701 Based on the new classifications, users  ...
vignettes/hippocampus-edge-detection.qmd#L703 Here's how you can filter the `SpatialEx ...
vignettes/hippocampus-edge-detection.qmd#L733 p1_umi_before <- ggplot(plot_data_before ...
vignettes/hippocampus-edge-detection.qmd#L741   p2_umi_after <- ggplot(plot_data_after ...
vignettes/hippocampus-edge-detection.qmd#L753 p3_class_before <- ggplot(plot_data_befo ...
vignettes/hippocampus-edge-detection.qmd#L772   p4_class_after <- ggplot(plot_data_aft ...
vignettes/hippocampus-edge-detection.qmd#L795 combined_filtering_plot_2x2 <- (p1_umi_b ...
vignettes/hippocampus-edge-detection.qmd#L802 This vignette demonstrated the **Spatial ...
vignettes/hippocampus-edge-detection.qmd#L804 - **Standard Visium workflow:** Complete ...
vignettes/hippocampus-edge-detection.qmd#L805 - **VisiumHD adaptation:** How to proper ...
vignettes/hippocampus-edge-detection.qmd#L806 - **Platform-specific considerations:**  ...
vignettes/hippocampus-edge-detection.qmd#L807 - **Visualization:** Display hierarchica ...
vignettes/hippocampus-edge-detection.qmd#L808 - **Classification logic:** Distinguish  ...
vignettes/hippocampus-edge-detection.qmd#L813 1. **Grid Structure:** Standard Visium u ...
vignettes/hippocampus-edge-detection.qmd#L815 2. **Critical Parameter Scaling:** The ` ...
vignettes/hippocampus-edge-detection.qmd#L819 3. **Morphological Framework:** The same ...
vignettes/hippocampus-edge-detection.qmd#L821 4. **Physical Consistency:** Scaled para ...
vignettes/hippocampus-edge-detection.qmd#L823 Overall, **SpatialArtifacts** provides a ...
Consider multiples of 4 spaces for line indents; 891 lines (32%) are not.
First few lines:
R/classifyEdgeArtifacts.R#L106   spe, ...
R/classifyEdgeArtifacts.R#L107   qc_metric = "sum_umi", ...
R/classifyEdgeArtifacts.R#L108   samples = "sample_id", ...
R/classifyEdgeArtifacts.R#L109   min_spots = 20, ...
R/classifyEdgeArtifacts.R#L110   name = "edge_artifact", ...
R/classifyEdgeArtifacts.R#L111   exclude_slides = NULL ...
R/classifyEdgeArtifacts.R#L113   if (!inherits(spe, "SpatialExperiment" ...
R/classifyEdgeArtifacts.R#L115   } ...
R/classifyEdgeArtifacts.R#L117   required_cols <- c(qc_metric, paste0(n ...
R/classifyEdgeArtifacts.R#L118   missing_cols <- required_cols[!require ...
R/classifyEdgeArtifacts.R#L119   if (length(missing_cols) > 0) { ...
R/classifyEdgeArtifacts.R#L121       "Missing required columns:", paste ...
R/classifyEdgeArtifacts.R#L122       "\nRun detectEdgeArtifacts() first ...
R/classifyEdgeArtifacts.R#L124   } ...
R/classifyEdgeArtifacts.R#L126   message("Classifying artifacts spots.. ...
R/classifyEdgeArtifacts.R#L128   colData(spe)[[paste0(name, "_true_edge ...
R/classifyEdgeArtifacts.R#L130   # Exclude specified slides if provided ...
R/classifyEdgeArtifacts.R#L131   if (!is.null(exclude_slides) && "slide ...
R/classifyEdgeArtifacts.R#L133       ifelse(colData(spe)$slide %in% exc ...
R/classifyEdgeArtifacts.R#L135       ) ...
R/classifyEdgeArtifacts.R#L137   } ...
R/classifyEdgeArtifacts.R#L139   # Define column names ...
R/classifyEdgeArtifacts.R#L140   edge_col <- paste0(name, "_true_edges" ...
R/classifyEdgeArtifacts.R#L141   problem_id_col <- paste0(name, "_probl ...
R/classifyEdgeArtifacts.R#L142   problem_size_col <- paste0(name, "_pro ...
R/classifyEdgeArtifacts.R#L144   # Get core data vectors ...
R/classifyEdgeArtifacts.R#L145   is_edge_artifact <- colData(spe)[[edge ...
R/classifyEdgeArtifacts.R#L146   is_problem_area <- !is.na(colData(spe) ...
R/classifyEdgeArtifacts.R#L147   artifact_size <- colData(spe)[[problem ...
R/classifyEdgeArtifacts.R#L149   # Initialize classification ...
R/classifyEdgeArtifacts.R#L150   new_classification_col <- paste0(name, ...
R/classifyEdgeArtifacts.R#L151   colData(spe)[[new_classification_col]] ...
R/classifyEdgeArtifacts.R#L153   # Step 1: Classify interior artifacts  ...
R/classifyEdgeArtifacts.R#L154   is_interior_artifact <- is_problem_are ...
R/classifyEdgeArtifacts.R#L156   if (any(is_interior_artifact)) { ...
R/classifyEdgeArtifacts.R#L158       artifact_size[is_interior_artifact ...
R/classifyEdgeArtifacts.R#L159       "large_interior_artifact", ...
R/classifyEdgeArtifacts.R#L160       "small_interior_artifact" ...
R/classifyEdgeArtifacts.R#L162   } ...
R/classifyEdgeArtifacts.R#L164   # Step 2: Classify edge artifacts (hig ...
R/classifyEdgeArtifacts.R#L165   if (any(is_edge_artifact)) { ...
R/classifyEdgeArtifacts.R#L167       artifact_size[is_edge_artifact] >  ...
R/classifyEdgeArtifacts.R#L168       "large_edge_artifact", ...
R/classifyEdgeArtifacts.R#L169       "small_edge_artifact" ...
R/classifyEdgeArtifacts.R#L171   } ...
R/classifyEdgeArtifacts.R#L172   message("Classification added: ", new_ ...
R/classifyEdgeArtifacts.R#L173   class_table <- table(colData(spe)[[new ...
R/classifyEdgeArtifacts.R#L174   message("\nClassification summary:") ...
R/classifyEdgeArtifacts.R#L175   for (class_name in names(class_table)) ...
R/classifyEdgeArtifacts.R#L177   } ...
R/classifyEdgeArtifacts.R#L179   return(spe) ...
R/detectEdgeArtifacts.R#L31   platform <- match.arg(tolower(platform ...
R/detectEdgeArtifacts.R#L33   if (platform == "visium") { ...
R/detectEdgeArtifacts.R#L35   } else if (platform == "visiumhd") { ...
R/detectEdgeArtifacts.R#L38       stop( ...
R/detectEdgeArtifacts.R#L41       ) ...
R/detectEdgeArtifacts.R#L45   } ...
R/detectEdgeDryspots_visium.R#L79   spe, ...
R/detectEdgeDryspots_visium.R#L80   qc_metric = "sum_gene", ...
R/detectEdgeDryspots_visium.R#L81   samples = "sample_id", ...
R/detectEdgeDryspots_visium.R#L82   mad_threshold = 3, ...
R/detectEdgeDryspots_visium.R#L83   edge_threshold = 0.75, ...
R/detectEdgeDryspots_visium.R#L84   min_cluster_size = 40, ...
R/detectEdgeDryspots_visium.R#L85   shifted = FALSE, ...
R/detectEdgeDryspots_visium.R#L86   batch_var = "both", ...
R/detectEdgeDryspots_visium.R#L87   name = "edge_artifact", ...
R/detectEdgeDryspots_visium.R#L88   verbose = TRUE, ...
R/detectEdgeDryspots_visium.R#L89   keep_intermediate = FALSE ...
R/detectEdgeDryspots_visium.R#L91   lg10_metric <- paste0("lg10_", qc_metr ...
R/detectEdgeDryspots_visium.R#L92   colData(spe)[[lg10_metric]] <- log10(c ...
R/detectEdgeDryspots_visium.R#L94   if (batch_var %in% c("slide", "both")) ...
R/detectEdgeDryspots_visium.R#L96       outlier_slide_col <- paste0(qc_met ...
R/detectEdgeDryspots_visium.R#L97       colData(spe)[[outlier_slide_col]]  ...
R/detectEdgeDryspots_visium.R#L99   } ...
R/detectEdgeDryspots_visium.R#L100   if (batch_var %in% c("sample_id", "bot ...
R/detectEdgeDryspots_visium.R#L103   } ...
R/detectEdgeDryspots_visium.R#L105   outlier_binary_col <- paste0(qc_metric ...
R/detectEdgeDryspots_visium.R#L106   if (batch_var == "both") { ...
R/detectEdgeDryspots_visium.R#L108   } else if (batch_var == "slide") { ...
R/detectEdgeDryspots_visium.R#L110   } else { ...
R/detectEdgeDryspots_visium.R#L112   } ...
R/detectEdgeDryspots_visium.R#L113   colData(spe)[[outlier_binary_col]][!co ...
R/detectEdgeDryspots_visium.R#L115   sampleList <- unique(colData(spe)[[sam ...
R/detectEdgeDryspots_visium.R#L116   names(sampleList) <- sampleList ...
R/detectEdgeDryspots_visium.R#L118   if (verbose) message("Detecting edges. ...
R/detectEdgeDryspots_visium.R#L120   # Efficiently calculate edges for all  ...
R/detectEdgeDryspots_visium.R#L121   edge_spots_list <- lapply(sampleList,  ...
R/detectEdgeDryspots_visium.R#L127       xyz_df, ...
R/detectEdgeDryspots_visium.R#L128       offTissue = rownames(tmp_dframe)[t ...
R/detectEdgeDryspots_visium.R#L129       shifted = shifted, ...
R/detectEdgeDryspots_visium.R#L130       edge_threshold = edge_threshold, ...
R/detectEdgeDryspots_visium.R#L131       min_cluster_size = min_cluster_siz ...
R/detectEdgeDryspots_visium.R#L133   }) ...
R/detectEdgeDryspots_visium.R#L135   # Initialize the result column ...
R/detectEdgeDryspots_visium.R#L136   colData(spe)[[paste0(name, "_edge")]]  ...
R/detectEdgeDryspots_visium.R#L137   # Accurately assign results back to th ...
R/detectEdgeDryspots_visium.R#L138   for (sample_name in names(edge_spots_l ...
R/detectEdgeDryspots_visium.R#L141       colData(spe)[spots_to_flag, paste0 ...
R/detectEdgeDryspots_visium.R#L142       if (verbose) message(sprintf("  Sa ...
R/detectEdgeDryspots_visium.R#L144   } ...
R/detectEdgeDryspots_visium.R#L146   if (verbose) message("Finding problem  ...
R/detectEdgeDryspots_visium.R#L148   # Efficiently find problem areas for a ...
R/detectEdgeDryspots_visium.R#L149   problem_areas_list <- lapply(sampleLis ...
R/detectEdgeDryspots_visium.R#L155       xyz_df, ...
R/detectEdgeDryspots_visium.R#L156       offTissue = rownames(tmp_dframe)[t ...
R/detectEdgeDryspots_visium.R#L157       uniqueIdentifier = sample_name, ...
R/detectEdgeDryspots_visium.R#L158       shifted = shifted, ...
R/detectEdgeDryspots_visium.R#L159       min_cluster_size = min_cluster_siz ...
R/detectEdgeDryspots_visium.R#L161   }) ...
R/detectEdgeDryspots_visium.R#L163   # Combine all problem area data frames ...
R/detectEdgeDryspots_visium.R#L164   all_problem_areas <- do.call(rbind, pr ...
R/detectEdgeDryspots_visium.R#L166   # Initialize result columns ...
R/detectEdgeDryspots_visium.R#L167   colData(spe)[[paste0(name, "_problem_i ...
R/detectEdgeDryspots_visium.R#L168   colData(spe)[[paste0(name, "_problem_s ...
R/detectEdgeDryspots_visium.R#L170   # Accurately assign results in one vec ...
R/detectEdgeDryspots_visium.R#L171   if (nrow(all_problem_areas) > 0) { ...
R/detectEdgeDryspots_visium.R#L175   } ...
R/detectEdgeDryspots_visium.R#L177   # Clean up intermediate columns if req ...
R/detectEdgeDryspots_visium.R#L178   if (!keep_intermediate) { ...
R/detectEdgeDryspots_visium.R#L180       lg10_metric, ...
R/detectEdgeDryspots_visium.R#L181       paste0(qc_metric, "_", mad_thresho ...
R/detectEdgeDryspots_visium.R#L182       paste0(qc_metric, "_", mad_thresho ...
R/detectEdgeDryspots_visium.R#L183       outlier_binary_col ...
R/detectEdgeDryspots_visium.R#L189       colData(spe) <- colData(spe)[, !co ...
R/detectEdgeDryspots_visium.R#L190       if (verbose) message("Removed inte ...
R/detectEdgeDryspots_visium.R#L192   } ...
R/detectEdgeDryspots_visium.R#L194   if (verbose) { ...
R/detectEdgeDryspots_visium.R#L198       "Edge artifact detection completed ...
R/detectEdgeDryspots_visium.R#L199       total_edge_spots, total_problem_sp ...
R/detectEdgeDryspots_visium.R#L201   } ...
R/detectEdgeDryspots_visium.R#L203   return(spe) ...
R/detectEdgeDryspots_VisiumHD.R#L112   spe, ...
R/detectEdgeDryspots_VisiumHD.R#L113   resolution, # REQUIRED: "8um" or "16um ...
R/detectEdgeDryspots_VisiumHD.R#L114   qc_metric = "sum_gene", ...
R/detectEdgeDryspots_VisiumHD.R#L115   samples = "sample_id", ...
R/detectEdgeDryspots_VisiumHD.R#L116   mad_threshold = 3, ...
R/detectEdgeDryspots_VisiumHD.R#L117   buffer_width_um = 80, # Physical dista ...
R/detectEdgeDryspots_VisiumHD.R#L118   min_cluster_area_um2 = 1280, # Physica ...
R/detectEdgeDryspots_VisiumHD.R#L119   batch_var = "sample_id", ...
R/detectEdgeDryspots_VisiumHD.R#L120   col_x = "array_col", # Bin indices (NO ...
R/detectEdgeDryspots_VisiumHD.R#L121   col_y = "array_row", ...
R/detectEdgeDryspots_VisiumHD.R#L122   name = "edge_artifact", ...
R/detectEdgeDryspots_VisiumHD.R#L123   verbose = TRUE, ...
R/detectEdgeDryspots_VisiumHD.R#L124   keep_intermediate = FALSE ...
R/detectEdgeDryspots_VisiumHD.R#L126   if (!inherits(spe, "SpatialExperiment" ...
R/detectEdgeDryspots_VisiumHD.R#L128   } ...
R/detectEdgeDryspots_VisiumHD.R#L130   if (!requireNamespace("terra", quietly ...
R/detectEdgeDryspots_VisiumHD.R#L132       "Package 'terra' required for Visi ...
R/detectEdgeDryspots_VisiumHD.R#L133       "Install: install.packages('terra' ...
R/detectEdgeDryspots_VisiumHD.R#L135   } ...
R/detectEdgeDryspots_VisiumHD.R#L137   if (missing(resolution)) { ...
R/detectEdgeDryspots_VisiumHD.R#L139   } ...
R/detectEdgeDryspots_VisiumHD.R#L141   if (!resolution %in% c("8um", "16um")) ...
R/detectEdgeDryspots_VisiumHD.R#L143   } ...
R/detectEdgeDryspots_VisiumHD.R#L145   # Auto-detect or standardize common QC ...
R/detectEdgeDryspots_VisiumHD.R#L146   if (qc_metric == "sum_gene" && !"sum_g ...
R/detectEdgeDryspots_VisiumHD.R#L149       qc_metric <- "detected" ...
R/detectEdgeDryspots_VisiumHD.R#L150       if (verbose) message("Using 'detec ...
R/detectEdgeDryspots_VisiumHD.R#L152       qc_metric <- "nFeature" ...
R/detectEdgeDryspots_VisiumHD.R#L153       if (verbose) message("Using 'nFeat ...
R/detectEdgeDryspots_VisiumHD.R#L155       stop( ...
R/detectEdgeDryspots_VisiumHD.R#L159       ) ...
R/detectEdgeDryspots_VisiumHD.R#L161   } ...
R/detectEdgeDryspots_VisiumHD.R#L163   # Standardize sum to sum_umi if needed ...
R/detectEdgeDryspots_VisiumHD.R#L164   if ("sum" %in% colnames(colData(spe))  ...
R/detectEdgeDryspots_VisiumHD.R#L167   } ...
R/detectEdgeDryspots_VisiumHD.R#L169   # Check required columns ...
R/detectEdgeDryspots_VisiumHD.R#L170   required_cols <- c(qc_metric, samples, ...
R/detectEdgeDryspots_VisiumHD.R#L171   missing_cols <- setdiff(required_cols, ...
R/detectEdgeDryspots_VisiumHD.R#L172   if (length(missing_cols) > 0) { ...
R/detectEdgeDryspots_VisiumHD.R#L174       "Missing columns: ", paste(missing ...
R/detectEdgeDryspots_VisiumHD.R#L175       "Available columns: ", paste(colna ...
R/detectEdgeDryspots_VisiumHD.R#L177   } ...
R/detectEdgeDryspots_VisiumHD.R#L179   # Convert physical units to bins based ...
R/detectEdgeDryspots_VisiumHD.R#L180   if (resolution == "8um") { ...
R/detectEdgeDryspots_VisiumHD.R#L185   } else { # 16um ...
R/detectEdgeDryspots_VisiumHD.R#L190   } ...
R/detectEdgeDryspots_VisiumHD.R#L192   # Get coordinate ranges from data (dat ...
R/detectEdgeDryspots_VisiumHD.R#L193   sampleList <- unique(colData(spe)[[sam ...
R/detectEdgeDryspots_VisiumHD.R#L194   names(sampleList) <- sampleList ...
R/detectEdgeDryspots_VisiumHD.R#L196   x_range <- range(colData(spe)[[col_x]] ...
R/detectEdgeDryspots_VisiumHD.R#L197   y_range <- range(colData(spe)[[col_y]] ...
R/detectEdgeDryspots_VisiumHD.R#L199   coord_min_x <- x_range[1] ...
R/detectEdgeDryspots_VisiumHD.R#L200   coord_max_x <- x_range[2] ...
R/detectEdgeDryspots_VisiumHD.R#L201   coord_min_y <- y_range[1] ...
R/detectEdgeDryspots_VisiumHD.R#L202   coord_max_y <- y_range[2] ...
R/detectEdgeDryspots_VisiumHD.R#L204   if (verbose) { ...
R/detectEdgeDryspots_VisiumHD.R#L209       "Resolution: %s (bin size = %d*%d  ...
R/detectEdgeDryspots_VisiumHD.R#L210       resolution, bin_size_um, bin_size_ ...
R/detectEdgeDryspots_VisiumHD.R#L213       "Coordinate Range: X[%d-%d], Y[%d- ...
R/detectEdgeDryspots_VisiumHD.R#L214       coord_min_x, coord_max_x, coord_mi ...
R/detectEdgeDryspots_VisiumHD.R#L217       "Buffer Width: %d um -> %d bins", ...
R/detectEdgeDryspots_VisiumHD.R#L218       buffer_width_um, buffer_width_bins ...
R/detectEdgeDryspots_VisiumHD.R#L221       "Min Cluster Area: %d um2 -> %d bi ...
R/detectEdgeDryspots_VisiumHD.R#L222       min_cluster_area_um2, min_cluster_ ...
R/detectEdgeDryspots_VisiumHD.R#L225   } ...
R/detectEdgeDryspots_VisiumHD.R#L227   if (verbose) message("\n--- STEP 1: Ou ...
R/detectEdgeDryspots_VisiumHD.R#L229   lg10_metric <- paste0("lg10_", qc_metr ...
R/detectEdgeDryspots_VisiumHD.R#L230   colData(spe)[[lg10_metric]] <- log10(c ...
R/detectEdgeDryspots_VisiumHD.R#L232   outlier_binary_col <- paste0(name, "_o ...
R/detectEdgeDryspots_VisiumHD.R#L234   outlier_result <- scuttle::isOutlier( ...
R/detectEdgeDryspots_VisiumHD.R#L240   ) ...
R/detectEdgeDryspots_VisiumHD.R#L242   thresholds <- attr(outlier_result, "th ...
R/detectEdgeDryspots_VisiumHD.R#L243   colData(spe)[[outlier_binary_col]] <-  ...
R/detectEdgeDryspots_VisiumHD.R#L245   for (s in sampleList) { ...
R/detectEdgeDryspots_VisiumHD.R#L249       colData(spe)[[lg10_metric]][s_mask ...
R/detectEdgeDryspots_VisiumHD.R#L250   } ...
R/detectEdgeDryspots_VisiumHD.R#L252   total_outliers <- sum(colData(spe)[[ou ...
R/detectEdgeDryspots_VisiumHD.R#L253   if (verbose) { ...
R/detectEdgeDryspots_VisiumHD.R#L255   } ...
R/detectEdgeDryspots_VisiumHD.R#L257   if (verbose) { ...
R/detectEdgeDryspots_VisiumHD.R#L259   } ...
R/detectEdgeDryspots_VisiumHD.R#L261   colData(spe)[[paste0(name, "_edge")]]  ...
R/detectEdgeDryspots_VisiumHD.R#L263   for (sample_name in sampleList) { ...
R/detectEdgeDryspots_VisiumHD.R#L280       colData(spe)[sample_mask, outlier_ ...
R/detectEdgeDryspots_VisiumHD.R#L287       n_edge <- sum(is_edge_artifact, na ...
R/detectEdgeDryspots_VisiumHD.R#L288       message(sprintf("  %s: %d edge art ...
R/detectEdgeDryspots_VisiumHD.R#L290   } ...
R/detectEdgeDryspots_VisiumHD.R#L292   total_edge <- sum(colData(spe)[[paste0 ...
R/detectEdgeDryspots_VisiumHD.R#L294   if (verbose) { ...
R/detectEdgeDryspots_VisiumHD.R#L297   } ...
R/detectEdgeDryspots_VisiumHD.R#L299   colData(spe)[[paste0(name, "_problem_i ...
R/detectEdgeDryspots_VisiumHD.R#L300   colData(spe)[[paste0(name, "_problem_s ...
R/detectEdgeDryspots_VisiumHD.R#L302   problem_areas_list <- lapply(sampleLis ...
R/detectEdgeDryspots_VisiumHD.R#L307       x = tmp_dframe[[col_x]], # Bin ind ...
R/detectEdgeDryspots_VisiumHD.R#L308       y = tmp_dframe[[col_y]], ...
R/detectEdgeDryspots_VisiumHD.R#L309       outlier = tmp_dframe[[outlier_bina ...
R/detectEdgeDryspots_VisiumHD.R#L310       stringsAsFactors = FALSE ...
R/detectEdgeDryspots_VisiumHD.R#L316       .xyz = xyz_df, ...
R/detectEdgeDryspots_VisiumHD.R#L317       uniqueIdentifier = sample_name, ...
R/detectEdgeDryspots_VisiumHD.R#L318       min_cluster_size = min_cluster_siz ...
R/detectEdgeDryspots_VisiumHD.R#L319       resolution = resolution ...
R/detectEdgeDryspots_VisiumHD.R#L323       if (verbose) { ...
R/detectEdgeDryspots_VisiumHD.R#L325       } ...
R/detectEdgeDryspots_VisiumHD.R#L326       return(data.frame( ...
R/detectEdgeDryspots_VisiumHD.R#L330       )) ...
R/detectEdgeDryspots_VisiumHD.R#L339       cluster_spots <- all_clusters$spot ...
R/detectEdgeDryspots_VisiumHD.R#L340       cluster_coords <- tmp_dframe[clust ...
R/detectEdgeDryspots_VisiumHD.R#L342       # Cluster center (median is robust ...
R/detectEdgeDryspots_VisiumHD.R#L343       center_x <- median(cluster_coords[ ...
R/detectEdgeDryspots_VisiumHD.R#L344       center_y <- median(cluster_coords[ ...
R/detectEdgeDryspots_VisiumHD.R#L346       # Check if center is in buffer zon ...
R/detectEdgeDryspots_VisiumHD.R#L347       in_buffer <- (center_x <= (coord_m ...
R/detectEdgeDryspots_VisiumHD.R#L352       if (in_buffer) { ...
R/detectEdgeDryspots_VisiumHD.R#L354       } else { ...
R/detectEdgeDryspots_VisiumHD.R#L356       } ...
R/detectEdgeDryspots_VisiumHD.R#L361       all_clusters$clumpID %in% interior ...
R/detectEdgeDryspots_VisiumHD.R#L362       drop = FALSE ...
R/detectEdgeDryspots_VisiumHD.R#L366       n_interior_bins <- nrow(interior_p ...
R/detectEdgeDryspots_VisiumHD.R#L367       n_interior_clusters <- length(inte ...
R/detectEdgeDryspots_VisiumHD.R#L368       n_edge_clusters <- length(edge_clu ...
R/detectEdgeDryspots_VisiumHD.R#L370       message(sprintf( ...
R/detectEdgeDryspots_VisiumHD.R#L374       )) ...
R/detectEdgeDryspots_VisiumHD.R#L378   }) ...
R/detectEdgeDryspots_VisiumHD.R#L380   # Combine all problem areas ...
R/detectEdgeDryspots_VisiumHD.R#L381   all_problem_areas <- do.call(rbind, pr ...
R/detectEdgeDryspots_VisiumHD.R#L383   if (nrow(all_problem_areas) > 0) { ...
R/detectEdgeDryspots_VisiumHD.R#L385       all_problem_areas$clumpID ...
R/detectEdgeDryspots_VisiumHD.R#L387       all_problem_areas$clumpSize ...
R/detectEdgeDryspots_VisiumHD.R#L388   } ...
R/detectEdgeDryspots_VisiumHD.R#L390   total_interior <- sum(!is.na(colData(s ...
R/detectEdgeDryspots_VisiumHD.R#L392   if (!keep_intermediate) { ...
R/detectEdgeDryspots_VisiumHD.R#L397       colData(spe) <- colData(spe)[, !co ...
R/detectEdgeDryspots_VisiumHD.R#L399       ] ...
R/detectEdgeDryspots_VisiumHD.R#L401   } ...
R/detectEdgeDryspots_VisiumHD.R#L404   if (verbose) { ...
R/detectEdgeDryspots_VisiumHD.R#L413       classification_rate <- 100 * (tota ...
R/detectEdgeDryspots_VisiumHD.R#L414       message(sprintf( ...
R/detectEdgeDryspots_VisiumHD.R#L417       )) ...
R/detectEdgeDryspots_VisiumHD.R#L420   } ...
R/detectEdgeDryspots_VisiumHD.R#L422   return(spe) ...
R/edge_helper_functions_visium.R#L18   if (is.na(x[5])) { ...
R/edge_helper_functions_visium.R#L20   } ...
R/edge_helper_functions_visium.R#L21   if (x[5] == 1) { ...
R/edge_helper_functions_visium.R#L23   } ...
R/edge_helper_functions_visium.R#L24   x[is.na(x)] <- 1 ...
R/edge_helper_functions_visium.R#L25   if (sum(x[-5]) == 8) { ...
R/edge_helper_functions_visium.R#L27   } else { ...
R/edge_helper_functions_visium.R#L29   } ...
R/edge_helper_functions_visium.R#L49   if (is.na(x[5])) { ...
R/edge_helper_functions_visium.R#L51   } ...
R/edge_helper_functions_visium.R#L52   if (x[5] == 1) { ...
R/edge_helper_functions_visium.R#L54   } ...
R/edge_helper_functions_visium.R#L55   if (sum(x[-5], na.rm = TRUE) == 4) { ...
R/edge_helper_functions_visium.R#L57   } else { ...
R/edge_helper_functions_visium.R#L59   } ...
R/edge_helper_functions_visium.R#L79   if (is.na(x[13])) { ...
R/edge_helper_functions_visium.R#L81   } ...
R/edge_helper_functions_visium.R#L82   if (x[13] == 1) { ...
R/edge_helper_functions_visium.R#L84   } ...
R/edge_helper_functions_visium.R#L85   x[is.na(x)] <- 1 ...
R/edge_helper_functions_visium.R#L86   sum.edges <- sum(x[1:5]) + sum(x[21:25 ...
R/edge_helper_functions_visium.R#L87   if (sum.edges == 16) { ...
R/edge_helper_functions_visium.R#L89   } else { ...
R/edge_helper_functions_visium.R#L91   } ...
R/edge_helper_functions_visium.R#L131   if (!requireNamespace("terra", quietly ...
R/edge_helper_functions_visium.R#L133   } ...
R/edge_helper_functions_visium.R#L135   # Step 1: 3x3 fill ...
R/edge_helper_functions_visium.R#L136   r2 <- terra::focal(raster_object, w =  ...
R/edge_helper_functions_visium.R#L138   # Step 2: 5x5 outline ...
R/edge_helper_functions_visium.R#L139   r3 <- terra::focal(r2, w = matrix(1, 5 ...
R/edge_helper_functions_visium.R#L141   # Step 3: Star pattern ...
R/edge_helper_functions_visium.R#L142   star.m <- matrix(rep(c(0, 1), length.o ...
R/edge_helper_functions_visium.R#L143   star.m[5] <- 1 ...
R/edge_helper_functions_visium.R#L144   r3_s <- terra::focal(r3, w = star.m, f ...
R/edge_helper_functions_visium.R#L146   # Step 4: Remove small holes ...
R/edge_helper_functions_visium.R#L147   rev_r3 <- terra::ifel(r3_s == 1, 0, 1) ...
R/edge_helper_functions_visium.R#L148   rev_c3 <- terra::patches(rev_r3, direc ...
R/edge_helper_functions_visium.R#L149   rev_c3_values <- terra::values(rev_c3) ...
R/edge_helper_functions_visium.R#L151   if (!is.null(rev_c3_values) && any(!is ...
R/edge_helper_functions_visium.R#L155       flip_clump <- as.numeric(names(tbl ...
R/edge_helper_functions_visium.R#L157       if (length(flip_clump) > 0) { ...
R/edge_helper_functions_visium.R#L163       } ...
R/edge_helper_functions_visium.R#L165   } ...
R/edge_helper_functions_visium.R#L167   return(r3_s) ...
R/edge_helper_functions_visium.R#L189   if (nrow(results_df) == 0) { ...
R/edge_helper_functions_visium.R#L191   } ...
R/edge_helper_functions_visium.R#L193   key1 <- cbind(.xy, "numeric_key" = seq ...
R/edge_helper_functions_visium.R#L195   # Create terra raster ...
R/edge_helper_functions_visium.R#L196   t1 <- terra::rast( ...
R/edge_helper_functions_visium.R#L204   ) ...
R/edge_helper_functions_visium.R#L206   # Set values ...
R/edge_helper_functions_visium.R#L207   for (i in 1:nrow(key1)) { ...
R/edge_helper_functions_visium.R#L212   } ...
R/edge_helper_functions_visium.R#L214   rast_values <- terra::values(t1) ...
R/edge_helper_functions_visium.R#L215   rast_dims <- c(nrow(t1), ncol(t1)) ...
R/edge_helper_functions_visium.R#L216   rast <- matrix(rast_values, nrow = ras ...
R/edge_helper_functions_visium.R#L218   num_key <- sapply(1:nrow(results_df),  ...
R/edge_helper_functions_visium.R#L221       rast[v1[1], v1[2]] ...
R/edge_helper_functions_visium.R#L223       NA ...
R/edge_helper_functions_visium.R#L225   }) ...
R/edge_helper_functions_visium.R#L227   num_key <- num_key[!is.na(num_key)] ...
R/edge_helper_functions_visium.R#L228   edge_spots <- rownames(key1)[key1$nume ...
R/edge_helper_functions_visium.R#L230   return(edge_spots) ...
R/edge_helper_functions_visium.R#L256   if (nrow(results_df) == 0) { ...
R/edge_helper_functions_visium.R#L258       spotcode = character(0), ...
R/edge_helper_functions_visium.R#L259       clumpID = character(0), ...
R/edge_helper_functions_visium.R#L260       clumpSize = numeric(0) ...
R/edge_helper_functions_visium.R#L262   } ...
R/edge_helper_functions_visium.R#L264   key1 <- cbind(.xy, "numeric_key" = seq ...
R/edge_helper_functions_visium.R#L266   # Create terra raster ...
R/edge_helper_functions_visium.R#L267   t1 <- terra::rast( ...
R/edge_helper_functions_visium.R#L275   ) ...
R/edge_helper_functions_visium.R#L277   # Set values ...
R/edge_helper_functions_visium.R#L278   for (i in 1:nrow(key1)) { ...
R/edge_helper_functions_visium.R#L283   } ...
R/edge_helper_functions_visium.R#L285   rast_values <- terra::values(t1) ...
R/edge_helper_functions_visium.R#L286   rast_dims <- c(nrow(t1), ncol(t1)) ...
R/edge_helper_functions_visium.R#L287   rast <- matrix(rast_values, nrow = ras ...
R/edge_helper_functions_visium.R#L289   num_key <- do.call(rbind, lapply(1:nro ...
R/edge_helper_functions_visium.R#L291       cbind.data.frame( ...
R/edge_helper_functions_visium.R#L295       ) ...
R/edge_helper_functions_visium.R#L297       NULL ...
R/edge_helper_functions_visium.R#L299   })) ...
R/edge_helper_functions_visium.R#L301   if (is.null(num_key) || nrow(num_key)  ...
R/edge_helper_functions_visium.R#L303       spotcode = character(0), ...
R/edge_helper_functions_visium.R#L304       clumpID = character(0), ...
R/edge_helper_functions_visium.R#L305       clumpSize = numeric(0) ...
R/edge_helper_functions_visium.R#L307   } ...
R/edge_helper_functions_visium.R#L309   matching <- match(num_key$numeric_key, ...
R/edge_helper_functions_visium.R#L311   # Keep only valid matches ...
R/edge_helper_functions_visium.R#L312   valid_idx <- !is.na(matching) ...
R/edge_helper_functions_visium.R#L313   matching <- matching[valid_idx] ...
R/edge_helper_functions_visium.R#L314   num_key <- num_key[valid_idx, ] ...
R/edge_helper_functions_visium.R#L316   if (length(matching) == 0) { ...
R/edge_helper_functions_visium.R#L318       spotcode = character(0), ...
R/edge_helper_functions_visium.R#L319       clumpID = character(0), ...
R/edge_helper_functions_visium.R#L320       clumpSize = numeric(0) ...
R/edge_helper_functions_visium.R#L322   } ...
R/edge_helper_functions_visium.R#L324   return(data.frame( ...
R/edge_helper_functions_visium.R#L329   )) ...
R/edge_helper_functions_visium.R#L390   if (!requireNamespace("terra", quietly ...
R/edge_helper_functions_visium.R#L392   } ...
R/edge_helper_functions_visium.R#L394   if (ncol(.xyz) >= 3) { ...
R/edge_helper_functions_visium.R#L396   } ...
R/edge_helper_functions_visium.R#L398   if (sum(.xyz[, 3]) == 0) { ...
R/edge_helper_functions_visium.R#L400   } ...
R/edge_helper_functions_visium.R#L402   if (shifted == TRUE) { ...
R/edge_helper_functions_visium.R#L405       .xyz[.xyz[, "array_col"] %in% odds ...
R/edge_helper_functions_visium.R#L406   } ...
R/edge_helper_functions_visium.R#L408   # Create terra raster ...
R/edge_helper_functions_visium.R#L409   t1 <- terra::rast( ...
R/edge_helper_functions_visium.R#L417   ) ...
R/edge_helper_functions_visium.R#L419   # Set outlier values ...
R/edge_helper_functions_visium.R#L420   for (i in 1:nrow(.xyz)) { ...
R/edge_helper_functions_visium.R#L422       row_idx <- terra::rowFromY(t1, .xy ...
R/edge_helper_functions_visium.R#L423       col_idx <- terra::colFromX(t1, .xy ...
R/edge_helper_functions_visium.R#L424       cell_idx <- terra::cellFromRowCol( ...
R/edge_helper_functions_visium.R#L425       t1[cell_idx] <- 1 ...
R/edge_helper_functions_visium.R#L427   } ...
R/edge_helper_functions_visium.R#L429   t2 <- focal_transformations(t1, min_cl ...
R/edge_helper_functions_visium.R#L431   rast_values <- terra::values(t2) ...
R/edge_helper_functions_visium.R#L432   rast_dims <- c(nrow(t2), ncol(t2)) ...
R/edge_helper_functions_visium.R#L433   rast <- matrix(rast_values, nrow = ras ...
R/edge_helper_functions_visium.R#L435   # CRITICAL: Use zeroAsNA=TRUE ...
R/edge_helper_functions_visium.R#L436   c1 <- terra::patches(t2, directions =  ...
R/edge_helper_functions_visium.R#L438   clump_values <- terra::values(c1) ...
R/edge_helper_functions_visium.R#L439   clump_dims <- c(nrow(c1), ncol(c1)) ...
R/edge_helper_functions_visium.R#L440   clumps <- matrix(clump_values, nrow =  ...
R/edge_helper_functions_visium.R#L442   edgeClumps <- c() ...
R/edge_helper_functions_visium.R#L444   # Method 1: Original coverage-based (f ...
R/edge_helper_functions_visium.R#L445   north_total <- sum(!is.na(rast[1, ])) ...
R/edge_helper_functions_visium.R#L446   if (north_total > 0) { ...
R/edge_helper_functions_visium.R#L449       edgeClumps <- c(edgeClumps, unique ...
R/edge_helper_functions_visium.R#L451   } ...
R/edge_helper_functions_visium.R#L453   east_total <- sum(!is.na(rast[, ncol(r ...
R/edge_helper_functions_visium.R#L454   if (east_total > 0) { ...
R/edge_helper_functions_visium.R#L457       edgeClumps <- c(edgeClumps, unique ...
R/edge_helper_functions_visium.R#L459   } ...
R/edge_helper_functions_visium.R#L461   south_total <- sum(!is.na(rast[nrow(ra ...
R/edge_helper_functions_visium.R#L462   if (south_total > 0) { ...
R/edge_helper_functions_visium.R#L465       edgeClumps <- c(edgeClumps, unique ...
R/edge_helper_functions_visium.R#L467   } ...
R/edge_helper_functions_visium.R#L469   west_total <- sum(!is.na(rast[, 1])) ...
R/edge_helper_functions_visium.R#L470   if (west_total > 0) { ...
R/edge_helper_functions_visium.R#L473       edgeClumps <- c(edgeClumps, unique ...
R/edge_helper_functions_visium.R#L475   } ...
R/edge_helper_functions_visium.R#L477   # Method 2: ANY cluster that touches e ...
R/edge_helper_functions_visium.R#L478   # This catches scattered small artifac ...
R/edge_helper_functions_visium.R#L479   edge_clumps_any <- unique(c( ...
R/edge_helper_functions_visium.R#L484   )) ...
R/edge_helper_functions_visium.R#L486   # Combine both methods ...
R/edge_helper_functions_visium.R#L487   edgeClumps <- unique(c(edgeClumps, edg ...
R/edge_helper_functions_visium.R#L488   edgeClumps <- edgeClumps[!is.na(edgeCl ...
R/edge_helper_functions_visium.R#L490   if (length(edgeClumps) == 0) { ...
R/edge_helper_functions_visium.R#L492   } ...
R/edge_helper_functions_visium.R#L494   res <- vector("list", length(edgeClump ...
R/edge_helper_functions_visium.R#L495   names(res) <- as.character(edgeClumps) ...
R/edge_helper_functions_visium.R#L497   for (i in edgeClumps) { ...
R/edge_helper_functions_visium.R#L500       res[[as.character(i)]] <- as.data. ...
R/edge_helper_functions_visium.R#L502   } ...
R/edge_helper_functions_visium.R#L504   res <- res[!sapply(res, is.null)] ...
R/edge_helper_functions_visium.R#L506   if (length(res) == 0) { ...
R/edge_helper_functions_visium.R#L508   } ...
R/edge_helper_functions_visium.R#L510   res.df <- do.call(rbind, res) ...
R/edge_helper_functions_visium.R#L511   edgeSpots <- lookupKey(.xyz[, 1:2], re ...
R/edge_helper_functions_visium.R#L512   result <- setdiff(edgeSpots, offTissue ...
R/edge_helper_functions_visium.R#L514   return(result) ...
R/edge_helper_functions_visium.R#L577   if (!requireNamespace("terra", quietly ...
R/edge_helper_functions_visium.R#L579   } ...
R/edge_helper_functions_visium.R#L581   if (ncol(.xyz) >= 3) { ...
R/edge_helper_functions_visium.R#L583   } ...
R/edge_helper_functions_visium.R#L585   if (sum(.xyz[, 3]) == 0) { ...
R/edge_helper_functions_visium.R#L587       spotcode = character(0), ...
R/edge_helper_functions_visium.R#L588       clumpID = character(0), ...
R/edge_helper_functions_visium.R#L589       clumpSize = numeric(0) ...
R/edge_helper_functions_visium.R#L591   } ...
R/edge_helper_functions_visium.R#L593   if (shifted == TRUE) { ...
R/edge_helper_functions_visium.R#L596       .xyz[.xyz[, "array_col"] %in% odds ...
R/edge_helper_functions_visium.R#L597   } ...
R/edge_helper_functions_visium.R#L599   # Create terra raster ...
R/edge_helper_functions_visium.R#L600   t1 <- terra::rast( ...
R/edge_helper_functions_visium.R#L608   ) ...
R/edge_helper_functions_visium.R#L610   # Set outlier values ...
R/edge_helper_functions_visium.R#L611   for (i in 1:nrow(.xyz)) { ...
R/edge_helper_functions_visium.R#L613       row_idx <- terra::rowFromY(t1, .xy ...
R/edge_helper_functions_visium.R#L614       col_idx <- terra::colFromX(t1, .xy ...
R/edge_helper_functions_visium.R#L615       cell_idx <- terra::cellFromRowCol( ...
R/edge_helper_functions_visium.R#L616       t1[cell_idx] <- 1 ...
R/edge_helper_functions_visium.R#L618   } ...
R/edge_helper_functions_visium.R#L620   t2 <- focal_transformations(t1, min_cl ...
R/edge_helper_functions_visium.R#L622   # CRITICAL: Use zeroAsNA=TRUE ...
R/edge_helper_functions_visium.R#L623   c1 <- terra::patches(t2, directions =  ...
R/edge_helper_functions_visium.R#L625   clump_values <- terra::values(c1) ...
R/edge_helper_functions_visium.R#L626   clump_values <- clump_values[!is.na(cl ...
R/edge_helper_functions_visium.R#L628   if (length(clump_values) == 0) { ...
R/edge_helper_functions_visium.R#L630       spotcode = character(0), ...
R/edge_helper_functions_visium.R#L631       clumpID = character(0), ...
R/edge_helper_functions_visium.R#L632       clumpSize = numeric(0) ...
R/edge_helper_functions_visium.R#L634   } ...
R/edge_helper_functions_visium.R#L636   clump_dims <- c(nrow(c1), ncol(c1)) ...
R/edge_helper_functions_visium.R#L637   clumps <- matrix(terra::values(c1), nr ...
R/edge_helper_functions_visium.R#L639   tot <- max(clumps, na.rm = TRUE) ...
R/edge_helper_functions_visium.R#L641   if (is.na(tot) || tot == 0) { ...
R/edge_helper_functions_visium.R#L643       spotcode = character(0), ...
R/edge_helper_functions_visium.R#L644       clumpID = character(0), ...
R/edge_helper_functions_visium.R#L645       clumpSize = numeric(0) ...
R/edge_helper_functions_visium.R#L647   } ...
R/edge_helper_functions_visium.R#L649   res <- vector("list", tot) ...
R/edge_helper_functions_visium.R#L650   if (is.na(uniqueIdentifier)) uniqueIde ...
R/edge_helper_functions_visium.R#L652   for (i in 1:tot) { ...
R/edge_helper_functions_visium.R#L655       res[[i]] <- cbind.data.frame( ...
R/edge_helper_functions_visium.R#L659       ) ...
R/edge_helper_functions_visium.R#L661   } ...
R/edge_helper_functions_visium.R#L663   res <- res[!sapply(res, is.null)] ...
R/edge_helper_functions_visium.R#L665   if (length(res) == 0) { ...
R/edge_helper_functions_visium.R#L667       spotcode = character(0), ...
R/edge_helper_functions_visium.R#L668       clumpID = character(0), ...
R/edge_helper_functions_visium.R#L669       clumpSize = numeric(0) ...
R/edge_helper_functions_visium.R#L671   } ...
R/edge_helper_functions_visium.R#L673   res.df <- do.call(rbind.data.frame, re ...
R/edge_helper_functions_visium.R#L674   pAreas <- lookupKeyDF(.xyz[, 1:2], res ...
R/edge_helper_functions_visium.R#L676   if (nrow(pAreas) == 0) { ...
R/edge_helper_functions_visium.R#L678       spotcode = character(0), ...
R/edge_helper_functions_visium.R#L679       clumpID = character(0), ...
R/edge_helper_functions_visium.R#L680       clumpSize = numeric(0) ...
R/edge_helper_functions_visium.R#L682   } ...
R/edge_helper_functions_visium.R#L684   result <- pAreas[!pAreas$spotcode %in% ...
R/edge_helper_functions_visium.R#L686   return(result) ...
R/edge_helper_functions_VisiumHD.R#L10   center <- x[5] ...
R/edge_helper_functions_VisiumHD.R#L11   if (is.na(center)) { ...
R/edge_helper_functions_VisiumHD.R#L13   } ...
R/edge_helper_functions_VisiumHD.R#L14   if (center == 1) { ...
R/edge_helper_functions_VisiumHD.R#L16   } ...
R/edge_helper_functions_VisiumHD.R#L18   # Treat NA as outlier (conservative ap ...
R/edge_helper_functions_VisiumHD.R#L19   x[is.na(x)] <- 1 ...
R/edge_helper_functions_VisiumHD.R#L21   # If all 8 neighbors are outliers, fil ...
R/edge_helper_functions_VisiumHD.R#L22   if (sum(x[-5]) == 8) { ...
R/edge_helper_functions_VisiumHD.R#L24   } else { ...
R/edge_helper_functions_VisiumHD.R#L26   } ...
R/edge_helper_functions_VisiumHD.R#L39   center <- x[13] ...
R/edge_helper_functions_VisiumHD.R#L40   if (is.na(center)) { ...
R/edge_helper_functions_VisiumHD.R#L42   } ...
R/edge_helper_functions_VisiumHD.R#L43   if (center == 1) { ...
R/edge_helper_functions_VisiumHD.R#L45   } ...
R/edge_helper_functions_VisiumHD.R#L46   x[is.na(x)] <- 1 ...
R/edge_helper_functions_VisiumHD.R#L47   # Check 16 border pixels: top row (1-5 ...
R/edge_helper_functions_VisiumHD.R#L48   # left column (6,11,16), right column  ...
R/edge_helper_functions_VisiumHD.R#L49   indices <- c(1:5, 21:25, 6, 11, 16, 10 ...
R/edge_helper_functions_VisiumHD.R#L50   sum_edges <- sum(x[indices]) ...
R/edge_helper_functions_VisiumHD.R#L51   if (sum_edges == 16) { ...
R/edge_helper_functions_VisiumHD.R#L53   } else { ...
R/edge_helper_functions_VisiumHD.R#L55   } ...
R/edge_helper_functions_VisiumHD.R#L68   center <- x[5] ...
R/edge_helper_functions_VisiumHD.R#L69   if (is.na(center)) { ...
R/edge_helper_functions_VisiumHD.R#L71   } ...
R/edge_helper_functions_VisiumHD.R#L72   if (center == 1) { ...
R/edge_helper_functions_VisiumHD.R#L74   } ...
R/edge_helper_functions_VisiumHD.R#L76   # Check cardinal directions: positions ...
R/edge_helper_functions_VisiumHD.R#L77   neighbors <- x[c(2, 4, 6, 8)] ...
R/edge_helper_functions_VisiumHD.R#L78   if (sum(neighbors, na.rm = TRUE) == 4) ...
R/edge_helper_functions_VisiumHD.R#L80   } else { ...
R/edge_helper_functions_VisiumHD.R#L82   } ...
R/edge_helper_functions_VisiumHD.R#L108   if (!inherits(r, "SpatRaster")) { ...
R/edge_helper_functions_VisiumHD.R#L110       "This function requires a terra::S ...
R/edge_helper_functions_VisiumHD.R#L111       "For standard Visium, use the rast ...
R/edge_helper_functions_VisiumHD.R#L113   } ...
R/edge_helper_functions_VisiumHD.R#L115   # Step 1: 3*3 fill (surrounded by outl ...
R/edge_helper_functions_VisiumHD.R#L116   r2 <- terra::focal(r, w = 3, fun = my_ ...
R/edge_helper_functions_VisiumHD.R#L118   # Step 2: 5*5 outline (outlined by out ...
R/edge_helper_functions_VisiumHD.R#L119   r3 <- terra::focal(r2, w = 5, fun = my ...
R/edge_helper_functions_VisiumHD.R#L121   # Step 3: Star pattern (cardinal direc ...
R/edge_helper_functions_VisiumHD.R#L122   star_m <- matrix(c(0, 1, 0, 1, 1, 1, 0 ...
R/edge_helper_functions_VisiumHD.R#L123   r3_s <- terra::focal(r3, w = star_m, f ...
R/edge_helper_functions_VisiumHD.R#L125   # Step 4: Remove small holes (isolated ...
R/edge_helper_functions_VisiumHD.R#L126   # Invert: 1->0, 0->1 ...
R/edge_helper_functions_VisiumHD.R#L127   rev_r3 <- terra::ifel(r3_s == 1, 0, 1) ...
R/edge_helper_functions_VisiumHD.R#L128   rev_c3 <- terra::patches(rev_r3, direc ...
R/edge_helper_functions_VisiumHD.R#L129   rev_c3_values <- terra::values(rev_c3) ...
R/edge_helper_functions_VisiumHD.R#L131   if (!is.null(rev_c3_values) && any(!is ...
R/edge_helper_functions_VisiumHD.R#L136       # Find small clusters (holes) to f ...
R/edge_helper_functions_VisiumHD.R#L137       flip_clump <- as.numeric(names(tbl ...
R/edge_helper_functions_VisiumHD.R#L139       if (length(flip_clump) > 0) { ...
R/edge_helper_functions_VisiumHD.R#L146       } ...
R/edge_helper_functions_VisiumHD.R#L148   } ...
R/edge_helper_functions_VisiumHD.R#L150   return(r3_s) ...
R/edge_helper_functions_VisiumHD.R#L167   # Create coordinate lookup table from  ...
R/edge_helper_functions_VisiumHD.R#L168   coord_lookup <- data.frame( ...
R/edge_helper_functions_VisiumHD.R#L173   ) ...
R/edge_helper_functions_VisiumHD.R#L174   # Round coordinates to avoid floating  ...
R/edge_helper_functions_VisiumHD.R#L175   coord_lookup$x <- round(coord_lookup$x ...
R/edge_helper_functions_VisiumHD.R#L176   coord_lookup$y <- round(coord_lookup$y ...
R/edge_helper_functions_VisiumHD.R#L177   cluster_df$x <- round(cluster_df$x, 6) ...
R/edge_helper_functions_VisiumHD.R#L178   cluster_df$y <- round(cluster_df$y, 6) ...
R/edge_helper_functions_VisiumHD.R#L180   # Merge cluster assignments with spot  ...
R/edge_helper_functions_VisiumHD.R#L181   result <- merge( ...
R/edge_helper_functions_VisiumHD.R#L187   ) ...
R/edge_helper_functions_VisiumHD.R#L189   if (nrow(result) == 0) { ...
R/edge_helper_functions_VisiumHD.R#L191       spotcode = character(0), ...
R/edge_helper_functions_VisiumHD.R#L192       clumpID = character(0), ...
R/edge_helper_functions_VisiumHD.R#L193       clumpSize = numeric(0) ...
R/edge_helper_functions_VisiumHD.R#L195   } ...
R/edge_helper_functions_VisiumHD.R#L197   output <- data.frame( ...
R/edge_helper_functions_VisiumHD.R#L202   ) ...
R/edge_helper_functions_VisiumHD.R#L204   return(output) ...
R/edge_helper_functions_VisiumHD.R#L250                                          ...
R/edge_helper_functions_VisiumHD.R#L251                                          ...
R/edge_helper_functions_VisiumHD.R#L252                                          ...
R/edge_helper_functions_VisiumHD.R#L253   # Validate inputs ...
R/edge_helper_functions_VisiumHD.R#L254   if (!requireNamespace("terra", quietly ...
R/edge_helper_functions_VisiumHD.R#L256   } ...
R/edge_helper_functions_VisiumHD.R#L258   if (ncol(.xyz) < 3) { ...
R/edge_helper_functions_VisiumHD.R#L260   } ...
R/edge_helper_functions_VisiumHD.R#L262   # Count outliers ...
R/edge_helper_functions_VisiumHD.R#L263   n_outliers <- sum(.xyz[, 3] == 1, na.r ...
R/edge_helper_functions_VisiumHD.R#L265   if (n_outliers == 0) { ...
R/edge_helper_functions_VisiumHD.R#L268       spotcode = character(0), ...
R/edge_helper_functions_VisiumHD.R#L269       clumpID = character(0), ...
R/edge_helper_functions_VisiumHD.R#L270       clumpSize = numeric(0) ...
R/edge_helper_functions_VisiumHD.R#L272   } ...
R/edge_helper_functions_VisiumHD.R#L274   message(sprintf("    Clustering %d out ...
R/edge_helper_functions_VisiumHD.R#L275   # STEP 1: CREATE RASTER ...
R/edge_helper_functions_VisiumHD.R#L276   # Get coordinate ranges ...
R/edge_helper_functions_VisiumHD.R#L277   min_x <- min(.xyz[, 1]) ...
R/edge_helper_functions_VisiumHD.R#L278   max_x <- max(.xyz[, 1]) ...
R/edge_helper_functions_VisiumHD.R#L279   min_y <- min(.xyz[, 2]) ...
R/edge_helper_functions_VisiumHD.R#L280   max_y <- max(.xyz[, 2]) ...
R/edge_helper_functions_VisiumHD.R#L282   # Create raster with exact coordinate  ...
R/edge_helper_functions_VisiumHD.R#L283   nrows <- max_y - min_y + 1 ...
R/edge_helper_functions_VisiumHD.R#L284   ncols <- max_x - min_x + 1 ...
R/edge_helper_functions_VisiumHD.R#L286   message(sprintf("    Creating raster:  ...
R/edge_helper_functions_VisiumHD.R#L287   r <- terra::rast( ...
R/edge_helper_functions_VisiumHD.R#L295   ) ...
R/edge_helper_functions_VisiumHD.R#L297   # Set outlier cells to 1 ...
R/edge_helper_functions_VisiumHD.R#L298   for (i in 1:nrow(.xyz)) { ...
R/edge_helper_functions_VisiumHD.R#L300       # rowFromY and colFromX handle coo ...
R/edge_helper_functions_VisiumHD.R#L301       row_idx <- terra::rowFromY(r, .xyz ...
R/edge_helper_functions_VisiumHD.R#L302       col_idx <- terra::colFromX(r, .xyz ...
R/edge_helper_functions_VisiumHD.R#L303       cell_idx <- terra::cellFromRowCol( ...
R/edge_helper_functions_VisiumHD.R#L304       r[cell_idx] <- 1 ...
R/edge_helper_functions_VisiumHD.R#L306   } ...
R/edge_helper_functions_VisiumHD.R#L307   # STEP 2: MORPHOLOGICAL TRANSFORMATION ...
R/edge_helper_functions_VisiumHD.R#L309   message("    Applying morphological tr ...
R/edge_helper_functions_VisiumHD.R#L311   # Adjust min_cluster_size for resoluti ...
R/edge_helper_functions_VisiumHD.R#L312   if (resolution == "16um") { ...
R/edge_helper_functions_VisiumHD.R#L317       "    [16um Mode] Adjusted min_clus ...
R/edge_helper_functions_VisiumHD.R#L318       min_cluster_size, adj_min_size ...
R/edge_helper_functions_VisiumHD.R#L321   } ...
R/edge_helper_functions_VisiumHD.R#L323   # Apply sequential morphological opera ...
R/edge_helper_functions_VisiumHD.R#L324   r_clean <- focal_transformations_terra ...
R/edge_helper_functions_VisiumHD.R#L327   ) ...
R/edge_helper_functions_VisiumHD.R#L328   # STEP 3: CLUSTERING WITH CORRECT PARA ...
R/edge_helper_functions_VisiumHD.R#L329   message("    Clustering outlier region ...
R/edge_helper_functions_VisiumHD.R#L330   c1 <- terra::patches( ...
R/edge_helper_functions_VisiumHD.R#L334   ) ...
R/edge_helper_functions_VisiumHD.R#L336   # Extract cluster information ...
R/edge_helper_functions_VisiumHD.R#L337   cluster_cells <- which(!is.na(terra::v ...
R/edge_helper_functions_VisiumHD.R#L339   if (length(cluster_cells) == 0) { ...
R/edge_helper_functions_VisiumHD.R#L342       spotcode = character(0), ...
R/edge_helper_functions_VisiumHD.R#L343       clumpID = character(0), ...
R/edge_helper_functions_VisiumHD.R#L344       clumpSize = numeric(0) ...
R/edge_helper_functions_VisiumHD.R#L346   } ...
R/edge_helper_functions_VisiumHD.R#L348   cluster_ids <- terra::values(c1)[clust ...
R/edge_helper_functions_VisiumHD.R#L349   cluster_coords <- terra::xyFromCell(c1 ...
R/edge_helper_functions_VisiumHD.R#L351   message(sprintf("    Found %d clustere ...
R/edge_helper_functions_VisiumHD.R#L353   # STEP 4: BUILD CLUSTER DATA FRAME ...
R/edge_helper_functions_VisiumHD.R#L354   # Get unique clusters and their sizes ...
R/edge_helper_functions_VisiumHD.R#L355   cluster_sizes <- table(cluster_ids) ...
R/edge_helper_functions_VisiumHD.R#L356   tot <- length(cluster_sizes) ...
R/edge_helper_functions_VisiumHD.R#L358   message(sprintf("    Identified %d uni ...
R/edge_helper_functions_VisiumHD.R#L360   if (is.na(uniqueIdentifier)) uniqueIde ...
R/edge_helper_functions_VisiumHD.R#L362   # Create results for each cluster ...
R/edge_helper_functions_VisiumHD.R#L363   res_list <- vector("list", tot) ...
R/edge_helper_functions_VisiumHD.R#L364   cluster_names <- names(cluster_sizes) ...
R/edge_helper_functions_VisiumHD.R#L366   for (i in 1:tot) { ...
R/edge_helper_functions_VisiumHD.R#L371       x = cluster_coords[cluster_mask, " ...
R/edge_helper_functions_VisiumHD.R#L372       y = cluster_coords[cluster_mask, " ...
R/edge_helper_functions_VisiumHD.R#L373       cluster_id = paste(uniqueIdentifie ...
R/edge_helper_functions_VisiumHD.R#L374       size = sum(cluster_mask), ...
R/edge_helper_functions_VisiumHD.R#L375       stringsAsFactors = FALSE ...
R/edge_helper_functions_VisiumHD.R#L377   } ...
R/edge_helper_functions_VisiumHD.R#L379   res_df <- do.call(rbind, res_list) ...
R/edge_helper_functions_VisiumHD.R#L380   # STEP 5: MAP BACK TO SPOT IDENTIFIERS ...
R/edge_helper_functions_VisiumHD.R#L381   pAreas <- map_coordinates_to_spots_eff ...
R/edge_helper_functions_VisiumHD.R#L383   if (nrow(pAreas) == 0) { ...
R/edge_helper_functions_VisiumHD.R#L386       spotcode = character(0), ...
R/edge_helper_functions_VisiumHD.R#L387       clumpID = character(0), ...
R/edge_helper_functions_VisiumHD.R#L388       clumpSize = numeric(0) ...
R/edge_helper_functions_VisiumHD.R#L390   } ...
R/edge_helper_functions_VisiumHD.R#L392   # STEP 6: FILTER BY MINIMUM CLUSTER SI ...
R/edge_helper_functions_VisiumHD.R#L393   # Count actual spots per cluster ...
R/edge_helper_functions_VisiumHD.R#L394   cluster_sizes_in_pAreas <- table(pArea ...
R/edge_helper_functions_VisiumHD.R#L395   large_clusters <- names(cluster_sizes_ ...
R/edge_helper_functions_VisiumHD.R#L397   ] ...
R/edge_helper_functions_VisiumHD.R#L398   pAreas_filtered <- pAreas[pAreas$clump ...
R/edge_helper_functions_VisiumHD.R#L399   n_clusters <- length(large_clusters) ...
R/edge_helper_functions_VisiumHD.R#L400   n_bins <- nrow(pAreas_filtered) ...
R/edge_helper_functions_VisiumHD.R#L401   n_filtered <- nrow(pAreas) - n_bins ...
R/edge_helper_functions_VisiumHD.R#L402   message(sprintf( ...
R/edge_helper_functions_VisiumHD.R#L405   )) ...
R/edge_helper_functions_VisiumHD.R#L407   if (n_filtered > 0) { ...
R/edge_helper_functions_VisiumHD.R#L410       "    Filtered %d bins in %d small  ...
R/edge_helper_functions_VisiumHD.R#L411       n_filtered, n_small_clusters ...
R/edge_helper_functions_VisiumHD.R#L413   } ...
R/edge_helper_functions_VisiumHD.R#L415   return(pAreas_filtered) ...
vignettes/hippocampus-edge-detection.qmd#L33   collapse = TRUE, ...
vignettes/hippocampus-edge-detection.qmd#L34   comment = "#>" ...
vignettes/hippocampus-edge-detection.qmd#L96   1. **3×3 fill** (`my_fill`): Fill spot ...
vignettes/hippocampus-edge-detection.qmd#L97   2. **5×5 outline** (`my_outline`): Fil ...
vignettes/hippocampus-edge-detection.qmd#L98   3. **Star pattern** (`my_fill_star`):  ...
vignettes/hippocampus-edge-detection.qmd#L99   4. **Small cluster removal**: Remove i ...
vignettes/hippocampus-edge-detection.qmd#L100   - Use 8-directional connectivity for c ...
vignettes/hippocampus-edge-detection.qmd#L115   1. **Location**: Is the artifact an `_ ...
vignettes/hippocampus-edge-detection.qmd#L116   2. **Size**: Is the artifact's `_probl ...
vignettes/hippocampus-edge-detection.qmd#L118   - `"not_artifact"` — High-quality spot ...
vignettes/hippocampus-edge-detection.qmd#L119   - `"large_edge_artifact"` — Large arti ...
vignettes/hippocampus-edge-detection.qmd#L120   - `"small_edge_artifact"` — Small arti ...
vignettes/hippocampus-edge-detection.qmd#L121   - `"large_interior_artifact"` — Large  ...
vignettes/hippocampus-edge-detection.qmd#L122   - `"small_interior_artifact"` — Small  ...
vignettes/hippocampus-edge-detection.qmd#L162   - Determines which platform-specific f ...
vignettes/hippocampus-edge-detection.qmd#L163   - No default value; must be explicitly ...
vignettes/hippocampus-edge-detection.qmd#L166   - Common alternatives: `"sum_umi"`, `" ...
vignettes/hippocampus-edge-detection.qmd#L167   - The function will auto-detect some c ...
vignettes/hippocampus-edge-detection.qmd#L170   - Each sample is processed independent ...
vignettes/hippocampus-edge-detection.qmd#L173   - Lower values (1.5–2) are more sensit ...
vignettes/hippocampus-edge-detection.qmd#L174   - Higher values (3–4) are more conserv ...
vignettes/hippocampus-edge-detection.qmd#L177   - Outputs: `[name]_edge`, `[name]_prob ...
vignettes/hippocampus-edge-detection.qmd#L190   **Important Behavior:** The threshold  ...
vignettes/hippocampus-edge-detection.qmd#L191    ...
vignettes/hippocampus-edge-detection.qmd#L192   **Example Scenario:** ...
vignettes/hippocampus-edge-detection.qmd#L193   - North boundary contains 100 spots to ...
vignettes/hippocampus-edge-detection.qmd#L194   - Cluster A occupies 30 boundary spots ...
vignettes/hippocampus-edge-detection.qmd#L195   - Cluster B occupies 50 boundary spots ...
vignettes/hippocampus-edge-detection.qmd#L196   - Combined coverage: 80% ≥ 75% thresho ...
vignettes/hippocampus-edge-detection.qmd#L197   - **Result:** Both Cluster A and Clust ...
vignettes/hippocampus-edge-detection.qmd#L198    ...
vignettes/hippocampus-edge-detection.qmd#L199   **Rationale:** Edge drying artifacts t ...
vignettes/hippocampus-edge-detection.qmd#L200    ...
vignettes/hippocampus-edge-detection.qmd#L201   **Tuning Guidance:** ...
vignettes/hippocampus-edge-detection.qmd#L202   - Higher values (0.75–0.90): More cons ...
vignettes/hippocampus-edge-detection.qmd#L203   - Lower values (0.40–0.60): More sensi ...
vignettes/hippocampus-edge-detection.qmd#L204   - Very low values (<0.30): Aggressive, ...
vignettes/hippocampus-edge-detection.qmd#L207   - Isolated "normal" regions smaller th ...
vignettes/hippocampus-edge-detection.qmd#L208   - **For Standard Visium:** 40 spots ≈  ...
vignettes/hippocampus-edge-detection.qmd#L211   - **Standard Visium typically requires ...
vignettes/hippocampus-edge-detection.qmd#L212   - Set to `FALSE` if using pre-transfor ...
vignettes/hippocampus-edge-detection.qmd#L213   - This corrects for the staggered arra ...
vignettes/hippocampus-edge-detection.qmd#L214    ...
vignettes/hippocampus-edge-detection.qmd#L215    ...
vignettes/hippocampus-edge-detection.qmd#L217   - Options: `"sample_id"`, `"slide"`, o ...
vignettes/hippocampus-edge-detection.qmd#L218   - `"both"`: Spots flagged as outliers  ...
vignettes/hippocampus-edge-detection.qmd#L220   ...
vignettes/hippocampus-edge-detection.qmd#L227   - Specifies the bin size of your Visiu ...
vignettes/hippocampus-edge-detection.qmd#L228   - This is **mandatory** for VisiumHD;  ...
vignettes/hippocampus-edge-detection.qmd#L229   - Determines conversion from physical  ...
vignettes/hippocampus-edge-detection.qmd#L232   - Defines the edge region where artifa ...
vignettes/hippocampus-edge-detection.qmd#L233   - Automatically converted to bins base ...
vignettes/hippocampus-edge-detection.qmd#L236   - **Tuning guidance:** ...
vignettes/hippocampus-edge-detection.qmd#L241   - Clusters smaller than this will be f ...
vignettes/hippocampus-edge-detection.qmd#L242   - Automatically converted to bins base ...
vignettes/hippocampus-edge-detection.qmd#L245   - **Physical consistency:** Same area  ...
vignettes/hippocampus-edge-detection.qmd#L246   - Default (1280 µm²) was calibrated fo ...
vignettes/hippocampus-edge-detection.qmd#L249   - **Important:** These should be **bin ...
vignettes/hippocampus-edge-detection.qmd#L250   - Using bin indices is much more memor ...
vignettes/hippocampus-edge-detection.qmd#L262   **Platform-Specific Scaling Required:* ...
vignettes/hippocampus-edge-detection.qmd#L263    ...
vignettes/hippocampus-edge-detection.qmd#L264   This parameter must be adjusted based  ...
vignettes/hippocampus-edge-detection.qmd#L265    ...
vignettes/hippocampus-edge-detection.qmd#L266   | Platform | Recommended `min_spots` | ...
vignettes/hippocampus-edge-detection.qmd#L267   |----------|------------------------|- ...
vignettes/hippocampus-edge-detection.qmd#L268   | **Standard Visium (55µm)** | `20-40` ...
vignettes/hippocampus-edge-detection.qmd#L269   | **VisiumHD 16µm bins** | `100-200` | ...
vignettes/hippocampus-edge-detection.qmd#L270   | **VisiumHD 8µm bins** | `400-800` |  ...
vignettes/hippocampus-edge-detection.qmd#L271    ...
vignettes/hippocampus-edge-detection.qmd#L272   **Automatic Scaling Formula:** ...
vignettes/hippocampus-edge-detection.qmd#L274   min_spots_HD <- min_spots_visium × (55 ...
vignettes/hippocampus-edge-detection.qmd#L275    ...
vignettes/hippocampus-edge-detection.qmd#L276   # Example: For min_spots = 30 on Stand ...
vignettes/hippocampus-edge-detection.qmd#L277   # VisiumHD 16µm: 30 × (55/16)² ≈ 354 b ...
vignettes/hippocampus-edge-detection.qmd#L278   # VisiumHD 8µm:  30 × (55/8)²  ≈ 1,420 ...
vignettes/hippocampus-edge-detection.qmd#L280    ...
vignettes/hippocampus-edge-detection.qmd#L281   **Why scaling matters:** The same phys ...
vignettes/hippocampus-edge-detection.qmd#L282   - Standard Visium: ~33 spots ...
vignettes/hippocampus-edge-detection.qmd#L283   - VisiumHD 16µm: ~390 bins   ...
vignettes/hippocampus-edge-detection.qmd#L284   - VisiumHD 8µm: ~1,560 bins ...
vignettes/hippocampus-edge-detection.qmd#L285    ...
vignettes/hippocampus-edge-detection.qmd#L286   Without scaling, large VisiumHD artifa ...
vignettes/hippocampus-edge-detection.qmd#L293   - Spots on these slides will have edge ...
vignettes/hippocampus-edge-detection.qmd#L341   spe_vignette, ...
vignettes/hippocampus-edge-detection.qmd#L342   platform = "visium", # IMPORTANT: Spec ...
vignettes/hippocampus-edge-detection.qmd#L343   qc_metric = "sum_umi", ...
vignettes/hippocampus-edge-detection.qmd#L344   samples = "sample_id", ...
vignettes/hippocampus-edge-detection.qmd#L345   shifted = TRUE, # Hexagonal grid coord ...
vignettes/hippocampus-edge-detection.qmd#L346   batch_var = "sample_id", ...
vignettes/hippocampus-edge-detection.qmd#L347   mad_threshold = 3, ...
vignettes/hippocampus-edge-detection.qmd#L348   edge_threshold = 0.75, ...
vignettes/hippocampus-edge-detection.qmd#L349   name = "edge_artifact" ...
vignettes/hippocampus-edge-detection.qmd#L357   spe_detected, ...
vignettes/hippocampus-edge-detection.qmd#L358   min_spots = 20, ...
vignettes/hippocampus-edge-detection.qmd#L359   name = "edge_artifact" ...
vignettes/hippocampus-edge-detection.qmd#L381   spe_hd16, ...
vignettes/hippocampus-edge-detection.qmd#L382   platform = "visiumhd", # Specify Visiu ...
vignettes/hippocampus-edge-detection.qmd#L383   resolution = "16um", # REQUIRED for Vi ...
vignettes/hippocampus-edge-detection.qmd#L384   qc_metric = "sum_umi", # or "sum" depe ...
vignettes/hippocampus-edge-detection.qmd#L385   samples = "sample_id", ...
vignettes/hippocampus-edge-detection.qmd#L386   buffer_width_um = 100, # VisiumHD-spec ...
vignettes/hippocampus-edge-detection.qmd#L387   mad_threshold = 2.5, ...
vignettes/hippocampus-edge-detection.qmd#L388   edge_threshold = 0.75, ...
vignettes/hippocampus-edge-detection.qmd#L389   name = "edge_artifact" ...
vignettes/hippocampus-edge-detection.qmd#L397   spe_hd16_detected, ...
vignettes/hippocampus-edge-detection.qmd#L398   qc_metric = "sum_umi", ...
vignettes/hippocampus-edge-detection.qmd#L399   min_spots = round(min_spots_16um), # ~ ...
vignettes/hippocampus-edge-detection.qmd#L400   name = "edge_artifact" ...
vignettes/hippocampus-edge-detection.qmd#L417   spe_hd8, ...
vignettes/hippocampus-edge-detection.qmd#L418   platform = "visiumhd", # Specify Visiu ...
vignettes/hippocampus-edge-detection.qmd#L419   resolution = "8um", # REQUIRED: Specif ...
vignettes/hippocampus-edge-detection.qmd#L420   qc_metric = "sum_umi", ...
vignettes/hippocampus-edge-detection.qmd#L421   samples = "sample_id", ...
vignettes/hippocampus-edge-detection.qmd#L422   buffer_width_um = 100, # Buffer zone i ...
vignettes/hippocampus-edge-detection.qmd#L423   mad_threshold = 2.5, ...
vignettes/hippocampus-edge-detection.qmd#L424   edge_threshold = 0.75, ...
vignettes/hippocampus-edge-detection.qmd#L425   name = "edge_artifact" ...
vignettes/hippocampus-edge-detection.qmd#L433   spe_hd8_detected, ...
vignettes/hippocampus-edge-detection.qmd#L434   qc_metric = "sum_umi", ...
vignettes/hippocampus-edge-detection.qmd#L435   min_spots = round(min_spots_8um), # ~1 ...
vignettes/hippocampus-edge-detection.qmd#L436   name = "edge_artifact" ...
vignettes/hippocampus-edge-detection.qmd#L477   theme( ...
vignettes/hippocampus-edge-detection.qmd#L480   ) ...
vignettes/hippocampus-edge-detection.qmd#L484   x = pxl_col_in_fullres, y = pxl_row_in ...
vignettes/hippocampus-edge-detection.qmd#L485   color = log10(sum_umi + 1) ...
vignettes/hippocampus-edge-detection.qmd#L487   geom_point(size = 0.5) + ...
vignettes/hippocampus-edge-detection.qmd#L488   scale_color_viridis_c(name = "log10(UM ...
vignettes/hippocampus-edge-detection.qmd#L489   ggtitle("A. UMI Counts") + ...
vignettes/hippocampus-edge-detection.qmd#L490   base_theme + ...
vignettes/hippocampus-edge-detection.qmd#L491   coord_fixed() ...
vignettes/hippocampus-edge-detection.qmd#L495   p2 <- ggplot(plot_data_in_tissue, aes( ...
vignettes/hippocampus-edge-detection.qmd#L498   )) + ...
vignettes/hippocampus-edge-detection.qmd#L505   p2 <- ggplot() + ...
vignettes/hippocampus-edge-detection.qmd#L512   p3 <- ggplot(plot_data_in_tissue, aes( ...
vignettes/hippocampus-edge-detection.qmd#L515   )) + ...
vignettes/hippocampus-edge-detection.qmd#L518       values = c("FALSE" = "lightgray",  ...
vignettes/hippocampus-edge-detection.qmd#L519       name = "Problem?" ...
vignettes/hippocampus-edge-detection.qmd#L525   p3 <- ggplot() + ...
vignettes/hippocampus-edge-detection.qmd#L532   plot_data_in_tissue$cluster_display <- ...
vignettes/hippocampus-edge-detection.qmd#L534   has_cluster <- !is.na(plot_data_in_tis ...
vignettes/hippocampus-edge-detection.qmd#L535   plot_data_in_tissue$cluster_display[ha ...
vignettes/hippocampus-edge-detection.qmd#L538   n_clusters <- length(unique(plot_data_ ...
vignettes/hippocampus-edge-detection.qmd#L540   p4 <- ggplot(plot_data_in_tissue, aes( ...
vignettes/hippocampus-edge-detection.qmd#L543   )) + ...
vignettes/hippocampus-edge-detection.qmd#L550       legend.key.size = unit(0.3, "cm"), ...
vignettes/hippocampus-edge-detection.qmd#L551       legend.text = element_text(size =  ...
vignettes/hippocampus-edge-detection.qmd#L554   p4 <- ggplot() + ...
vignettes/hippocampus-edge-detection.qmd#L561   plot_data_in_tissue$artifact_type <- " ...
vignettes/hippocampus-edge-detection.qmd#L563   # Mark edge artifacts ...
vignettes/hippocampus-edge-detection.qmd#L564   plot_data_in_tissue$artifact_type[plot ...
vignettes/hippocampus-edge-detection.qmd#L566   # Mark interior problem areas (not edg ...
vignettes/hippocampus-edge-detection.qmd#L567   interior_mask <- !is.na(plot_data_in_t ...
vignettes/hippocampus-edge-detection.qmd#L569   plot_data_in_tissue$artifact_type[inte ...
vignettes/hippocampus-edge-detection.qmd#L571   p5 <- ggplot(plot_data_in_tissue, aes( ...
vignettes/hippocampus-edge-detection.qmd#L574   )) + ...
vignettes/hippocampus-edge-detection.qmd#L577       values = c( ...
vignettes/hippocampus-edge-detection.qmd#L581       ), ...
vignettes/hippocampus-edge-detection.qmd#L582       name = "Artifact Type" ...
vignettes/hippocampus-edge-detection.qmd#L588   p5 <- ggplot() + ...
vignettes/hippocampus-edge-detection.qmd#L595   p6 <- ggplot(plot_data_in_tissue, aes( ...
vignettes/hippocampus-edge-detection.qmd#L598   )) + ...
vignettes/hippocampus-edge-detection.qmd#L601       values = c( ...
vignettes/hippocampus-edge-detection.qmd#L607       ), ...
vignettes/hippocampus-edge-detection.qmd#L608       name = "Final Class", ...
vignettes/hippocampus-edge-detection.qmd#L609       na.value = "grey50" ...
vignettes/hippocampus-edge-detection.qmd#L615   p6 <- ggplot() + ...
vignettes/hippocampus-edge-detection.qmd#L635   Classification = names(final_summary), ...
vignettes/hippocampus-edge-detection.qmd#L636   Count = as.numeric(final_summary), ...
vignettes/hippocampus-edge-detection.qmd#L637   Percentage = as.numeric(final_pct) ...
vignettes/hippocampus-edge-detection.qmd#L649   Flagged_As_Edge = names(edge_summary), ...
vignettes/hippocampus-edge-detection.qmd#L650   Count = as.numeric(edge_summary), ...
vignettes/hippocampus-edge-detection.qmd#L651   Percentage = as.numeric(edge_pct) ...
vignettes/hippocampus-edge-detection.qmd#L663   sum_umi = in_tissue_data$sum_umi, ...
vignettes/hippocampus-edge-detection.qmd#L664   detected_genes = in_tissue_data$detect ...
vignettes/hippocampus-edge-detection.qmd#L665   flagged = in_tissue_data$edge_artifact ...
vignettes/hippocampus-edge-detection.qmd#L687   geom_boxplot() + ...
vignettes/hippocampus-edge-detection.qmd#L688   scale_fill_manual(values = c("Flagged  ...
vignettes/hippocampus-edge-detection.qmd#L689   labs( ...
vignettes/hippocampus-edge-detection.qmd#L692   ) + ...
vignettes/hippocampus-edge-detection.qmd#L693   theme_minimal() ...
vignettes/hippocampus-edge-detection.qmd#L706   spots_to_keep <- !spe_classified$edge_ ...
vignettes/hippocampus-edge-detection.qmd#L708   spe_filtered <- spe_classified[, spots ...
vignettes/hippocampus-edge-detection.qmd#L709   cat("Original number of spots:", ncol( ...
vignettes/hippocampus-edge-detection.qmd#L710   cat("Number of spots after filtering:" ...
vignettes/hippocampus-edge-detection.qmd#L712   cat("Classification column not found.  ...
vignettes/hippocampus-edge-detection.qmd#L723   coords_mat_after <- spatialCoords(spe_ ...
vignettes/hippocampus-edge-detection.qmd#L724   plot_data_after <- cbind(plot_data_aft ...
vignettes/hippocampus-edge-detection.qmd#L728   theme( ...
vignettes/hippocampus-edge-detection.qmd#L731   ) ...
vignettes/hippocampus-edge-detection.qmd#L734   geom_point(size = 0.5) + ...
vignettes/hippocampus-edge-detection.qmd#L735   scale_color_viridis_c(name = "log10(UM ...
vignettes/hippocampus-edge-detection.qmd#L736   ggtitle("UMI Counts (Before Filtering) ...
vignettes/hippocampus-edge-detection.qmd#L737   base_theme + ...
vignettes/hippocampus-edge-detection.qmd#L738   coord_fixed() ...
vignettes/hippocampus-edge-detection.qmd#L741   p2_umi_after <- ggplot(plot_data_after ...
vignettes/hippocampus-edge-detection.qmd#L748   p2_umi_after <- ggplot() + ...
vignettes/hippocampus-edge-detection.qmd#L754   geom_point(size = 0.5) + ...
vignettes/hippocampus-edge-detection.qmd#L755   scale_color_manual( ...
vignettes/hippocampus-edge-detection.qmd#L757       "not_artifact" = "lightgray", ...
vignettes/hippocampus-edge-detection.qmd#L758       "large_edge_artifact" = "red", ...
vignettes/hippocampus-edge-detection.qmd#L759       "small_edge_artifact" = "orange", ...
vignettes/hippocampus-edge-detection.qmd#L760       "large_interior_artifact" = "blue" ...
vignettes/hippocampus-edge-detection.qmd#L761       "small_interior_artifact" = "cyan" ...
vignettes/hippocampus-edge-detection.qmd#L766   ) + ...
vignettes/hippocampus-edge-detection.qmd#L767   ggtitle("Classification (Before Filter ...
vignettes/hippocampus-edge-detection.qmd#L768   base_theme + ...
vignettes/hippocampus-edge-detection.qmd#L769   coord_fixed() ...
vignettes/hippocampus-edge-detection.qmd#L772   p4_class_after <- ggplot(plot_data_aft ...
vignettes/hippocampus-edge-detection.qmd#L775       values = c( ...
vignettes/hippocampus-edge-detection.qmd#L781       ), ...
vignettes/hippocampus-edge-detection.qmd#L782       name = "Final Class", ...
vignettes/hippocampus-edge-detection.qmd#L783       na.value = "grey50", ...
vignettes/hippocampus-edge-detection.qmd#L784       drop = FALSE ...
vignettes/hippocampus-edge-detection.qmd#L790   p4_class_after <- ggplot() + ...
vignettes/hippocampus-edge-detection.qmd#L816    - Use the formula: `min_spots_HD = mi ...
vignettes/hippocampus-edge-detection.qmd#L817    - Without scaling, artifacts will be  ...
Checking if package already exists in CRAN... OK
Checking for bioc-devel mailing list subscription...
Cannot determine whether maintainer is subscribed to the Bioc-Devel mailing list (requires admin credentials). Subscribe here: https://stat.ethz.ch/mailman/listinfo/bioc-devel
Checking for support site registration... OK
